#
# There is insufficient memory for the Java Runtime Environment to continue.
# Native memory allocation (malloc) failed to allocate 2462256 bytes for Chunk::new
# Possible reasons:
#   The system is out of physical RAM or swap space
#   In 32 bit mode, the process size limit was hit
# Possible solutions:
#   Reduce memory load on the system
#   Increase physical memory or swap space
#   Check if swap backing store is full
#   Use 64 bit Java on a 64 bit OS
#   Decrease Java heap size (-Xmx/-Xms)
#   Decrease number of Java threads
#   Decrease Java thread stack sizes (-Xss)
#   Set larger code cache with -XX:ReservedCodeCacheSize=
# This output file may be truncated or incomplete.
#
#  Out of Memory Error (allocation.cpp:390), pid=1836, tid=0x0000000000000a20
#
# JRE version: OpenJDK Runtime Environment (8.0_152-b02) (build 1.8.0_152-release-1024-b02)
# Java VM: OpenJDK 64-Bit Server VM (25.152-b02 mixed mode windows-amd64 compressed oops)
# Failed to write core dump. Minidumps are not enabled by default on client versions of Windows
#

---------------  T H R E A D  ---------------

Current thread (0x0000000015c85000):  JavaThread "C2 CompilerThread0" daemon [_thread_in_native, id=2592, stack(0x0000000016cd0000,0x0000000016dd0000)]

Stack: [0x0000000016cd0000,0x0000000016dd0000]
[error occurred during error reporting (printing stack bounds), id 0xc0000005]

Native frames: (J=compiled Java code, j=interpreted, Vv=VM code, C=native code)


Current CompileTask:
C2: 143070 11481       4       org.gradle.model.internal.type.ModelType::wrap (219 bytes)


---------------  P R O C E S S  ---------------

Java Threads: ( => current thread )
  0x0000000017a62800 JavaThread "ForkJoinPool.commonPool-worker-0" daemon [_thread_blocked, id=6720, stack(0x0000000022830000,0x0000000022930000)]
  0x00000000187af000 JavaThread "Memory manager" [_thread_blocked, id=4044, stack(0x000000001d970000,0x000000001da70000)]
  0x00000000187ae000 JavaThread "build operations Thread 2" [_thread_blocked, id=5684, stack(0x000000001d270000,0x000000001d370000)]
  0x00000000187ac800 JavaThread "build operations" [_thread_blocked, id=3436, stack(0x000000001d170000,0x000000001d270000)]
  0x00000000187ad800 JavaThread "Cache worker for Artifact transforms cache (C:\Users\gabri\.gradle\caches\transforms-1)" [_thread_blocked, id=5392, stack(0x000000001b400000,0x000000001b500000)]
  0x00000000187ab000 JavaThread "Cache worker for file hash cache (D:\SegurSysMobile\.gradle\4.4\fileHashes)" [_thread_blocked, id=6040, stack(0x000000001b100000,0x000000001b200000)]
  0x0000000017652000 JavaThread "File lock request listener" [_thread_in_native, id=1296, stack(0x000000001b000000,0x000000001b100000)]
  0x0000000017650800 JavaThread "Cache worker for file hash cache (C:\Users\gabri\.gradle\caches\4.4\fileHashes)" [_thread_blocked, id=2672, stack(0x000000001af00000,0x000000001b000000)]
  0x0000000017651800 JavaThread "Asynchronous log dispatcher for DefaultDaemonConnection: socket connection from /127.0.0.1:49708 to /127.0.0.1:49709" [_thread_blocked, id=628, stack(0x0000000019b30000,0x0000000019c30000)]
  0x0000000017656000 JavaThread "Daemon worker" [_thread_in_vm, id=1480, stack(0x0000000019a30000,0x0000000019b30000)]
  0x0000000017657800 JavaThread "Cancel handler" [_thread_blocked, id=6376, stack(0x0000000019930000,0x0000000019a30000)]
  0x0000000017654800 JavaThread "Handler for socket connection from /127.0.0.1:49708 to /127.0.0.1:49709" [_thread_in_native, id=164, stack(0x0000000019630000,0x0000000019730000)]
  0x0000000017654000 JavaThread "Daemon" [_thread_blocked, id=780, stack(0x0000000019530000,0x0000000019630000)]
  0x0000000017655800 JavaThread "Daemon periodic checks" [_thread_blocked, id=668, stack(0x0000000019430000,0x0000000019530000)]
  0x0000000017653000 JavaThread "Incoming local TCP Connector on port 49708" [_thread_in_native, id=1940, stack(0x00000000191e0000,0x00000000192e0000)]
  0x0000000015ceb000 JavaThread "Service Thread" daemon [_thread_blocked, id=6456, stack(0x0000000016ed0000,0x0000000016fd0000)]
  0x0000000015ce6000 JavaThread "C1 CompilerThread1" daemon [_thread_blocked, id=296, stack(0x0000000016dd0000,0x0000000016ed0000)]
=>0x0000000015c85000 JavaThread "C2 CompilerThread0" daemon [_thread_in_native, id=2592, stack(0x0000000016cd0000,0x0000000016dd0000)]
  0x0000000015c92000 JavaThread "Attach Listener" daemon [_thread_blocked, id=5380, stack(0x0000000016bd0000,0x0000000016cd0000)]
  0x0000000015c90800 JavaThread "Signal Dispatcher" daemon [_thread_blocked, id=388, stack(0x0000000016ad0000,0x0000000016bd0000)]
  0x0000000015c6f800 JavaThread "Finalizer" daemon [_thread_blocked, id=4100, stack(0x00000000168d0000,0x00000000169d0000)]
  0x0000000015c44000 JavaThread "Reference Handler" daemon [_thread_blocked, id=2616, stack(0x00000000167d0000,0x00000000168d0000)]
  0x000000000255d800 JavaThread "main" [_thread_blocked, id=2520, stack(0x00000000022e0000,0x00000000023e0000)]

Other Threads:
  0x0000000015c3d000 VMThread [stack: 0x00000000166d0000,0x00000000167d0000] [id=6468]
  0x0000000015ced000 WatcherThread [stack: 0x0000000016fd0000,0x00000000170d0000] [id=4620]

VM state:not at safepoint (normal execution)

VM Mutex/Monitor currently owned by a thread: None

Heap:
 PSYoungGen      total 220672K, used 23938K [0x00000000e0000000, 0x00000000f2500000, 0x0000000100000000)
  eden space 195584K, 2% used [0x00000000e0000000,0x00000000e0511ee8,0x00000000ebf00000)
  from space 25088K, 74% used [0x00000000ebf00000,0x00000000ed14ea58,0x00000000ed780000)
  to   space 26624K, 0% used [0x00000000f0b00000,0x00000000f0b00000,0x00000000f2500000)
 ParOldGen       total 92160K, used 67870K [0x00000000a0000000, 0x00000000a5a00000, 0x00000000e0000000)
  object space 92160K, 73% used [0x00000000a0000000,0x00000000a4247b18,0x00000000a5a00000)
 Metaspace       used 72456K, capacity 75160K, committed 75480K, reserved 1114112K
  class space    used 9623K, capacity 10173K, committed 10240K, reserved 1048576K

Card table byte_map: [0x0000000011920000,0x0000000011c30000] byte_map_base: 0x0000000011420000

Marking Bits: (ParMarkBitMap*) 0x0000000053494970
 Begin Bits: [0x0000000012030000, 0x0000000013830000)
 End Bits:   [0x0000000013830000, 0x0000000015030000)

Polling page: 0x0000000000810000

CodeCache: size=245760Kb used=30933Kb max_used=30941Kb free=214826Kb
 bounds [0x0000000002560000, 0x00000000043d0000, 0x0000000011560000]
 total_blobs=10561 nmethods=9727 adapters=747
 compilation: enabled

Compilation events (10 events):
Event: 141.816 Thread 0x0000000015ce6000 11524       3       java.util.concurrent.CopyOnWriteArrayList$COWIterator::next (32 bytes)
Event: 141.817 Thread 0x0000000015ce6000 nmethod 11524 0x000000000406ff90 code [0x0000000004070120, 0x00000000040704c8]
Event: 141.819 Thread 0x0000000015ce6000 11525       3       java.util.concurrent.TimeUnit::x (27 bytes)
Event: 141.820 Thread 0x0000000015ce6000 nmethod 11525 0x00000000032f4010 code [0x00000000032f4160, 0x00000000032f4350]
Event: 141.821 Thread 0x0000000015ce6000 11526       1       org.gradle.cache.internal.DefaultFileLockManager$DefaultFileLock::access$500 (5 bytes)
Event: 141.821 Thread 0x0000000015ce6000 nmethod 11526 0x00000000036022d0 code [0x0000000003602420, 0x0000000003602510]
Event: 142.141 Thread 0x0000000015ce6000 11527       3       org.gradle.internal.concurrent.CompositeStoppable::add (43 bytes)
Event: 142.141 Thread 0x0000000015ce6000 nmethod 11527 0x0000000003745410 code [0x00000000037455a0, 0x00000000037458d8]
Event: 142.143 Thread 0x0000000015ce6000 11528   !   3       org.gradle.internal.service.DefaultServiceRegistry$ManagedObjectProvider::stop (81 bytes)
Event: 142.145 Thread 0x0000000015ce6000 nmethod 11528 0x00000000043b5c10 code [0x00000000043b5e60, 0x00000000043b6d68]

GC Heap History (10 events):
Event: 57.061 GC heap before
{Heap before GC invocations=14 (full 2):
 PSYoungGen      total 131584K, used 131562K [0x00000000e0000000, 0x00000000eba00000, 0x0000000100000000)
  eden space 120320K, 100% used [0x00000000e0000000,0x00000000e7580000,0x00000000e7580000)
  from space 11264K, 99% used [0x00000000e7580000,0x00000000e807aa30,0x00000000e8080000)
  to   space 13824K, 0% used [0x00000000eac80000,0x00000000eac80000,0x00000000eba00000)
 ParOldGen       total 54272K, used 16217K [0x00000000a0000000, 0x00000000a3500000, 0x00000000e0000000)
  object space 54272K, 29% used [0x00000000a0000000,0x00000000a0fd65f8,0x00000000a3500000)
 Metaspace       used 52626K, capacity 54170K, committed 54488K, reserved 1095680K
  class space    used 7201K, capacity 7558K, committed 7680K, reserved 1048576K
Event: 57.130 GC heap after
Heap after GC invocations=14 (full 2):
 PSYoungGen      total 172544K, used 13821K [0x00000000e0000000, 0x00000000ebe00000, 0x0000000100000000)
  eden space 158720K, 0% used [0x00000000e0000000,0x00000000e0000000,0x00000000e9b00000)
  from space 13824K, 99% used [0x00000000eac80000,0x00000000eb9ff500,0x00000000eba00000)
  to   space 17920K, 0% used [0x00000000e9b00000,0x00000000e9b00000,0x00000000eac80000)
 ParOldGen       total 54272K, used 22573K [0x00000000a0000000, 0x00000000a3500000, 0x00000000e0000000)
  object space 54272K, 41% used [0x00000000a0000000,0x00000000a160b5d0,0x00000000a3500000)
 Metaspace       used 52626K, capacity 54170K, committed 54488K, reserved 1095680K
  class space    used 7201K, capacity 7558K, committed 7680K, reserved 1048576K
}
Event: 92.270 GC heap before
{Heap before GC invocations=15 (full 2):
 PSYoungGen      total 172544K, used 129658K [0x00000000e0000000, 0x00000000ebe00000, 0x0000000100000000)
  eden space 158720K, 72% used [0x00000000e0000000,0x00000000e711f378,0x00000000e9b00000)
  from space 13824K, 99% used [0x00000000eac80000,0x00000000eb9ff500,0x00000000eba00000)
  to   space 17920K, 0% used [0x00000000e9b00000,0x00000000e9b00000,0x00000000eac80000)
 ParOldGen       total 54272K, used 22573K [0x00000000a0000000, 0x00000000a3500000, 0x00000000e0000000)
  object space 54272K, 41% used [0x00000000a0000000,0x00000000a160b5d0,0x00000000a3500000)
 Metaspace       used 57317K, capacity 58988K, committed 59028K, reserved 1099776K
  class space    used 7755K, capacity 8157K, committed 8192K, reserved 1048576K
Event: 92.356 GC heap after
Heap after GC invocations=15 (full 2):
 PSYoungGen      total 176640K, used 8783K [0x00000000e0000000, 0x00000000ee880000, 0x0000000100000000)
  eden space 158720K, 0% used [0x00000000e0000000,0x00000000e0000000,0x00000000e9b00000)
  from space 17920K, 49% used [0x00000000e9b00000,0x00000000ea393dc0,0x00000000eac80000)
  to   space 17408K, 0% used [0x00000000ed780000,0x00000000ed780000,0x00000000ee880000)
 ParOldGen       total 54272K, used 36265K [0x00000000a0000000, 0x00000000a3500000, 0x00000000e0000000)
  object space 54272K, 66% used [0x00000000a0000000,0x00000000a236a6c0,0x00000000a3500000)
 Metaspace       used 57317K, capacity 58988K, committed 59028K, reserved 1099776K
  class space    used 7755K, capacity 8157K, committed 8192K, reserved 1048576K
}
Event: 92.356 GC heap before
{Heap before GC invocations=16 (full 3):
 PSYoungGen      total 176640K, used 8783K [0x00000000e0000000, 0x00000000ee880000, 0x0000000100000000)
  eden space 158720K, 0% used [0x00000000e0000000,0x00000000e0000000,0x00000000e9b00000)
  from space 17920K, 49% used [0x00000000e9b00000,0x00000000ea393dc0,0x00000000eac80000)
  to   space 17408K, 0% used [0x00000000ed780000,0x00000000ed780000,0x00000000ee880000)
 ParOldGen       total 54272K, used 36265K [0x00000000a0000000, 0x00000000a3500000, 0x00000000e0000000)
  object space 54272K, 66% used [0x00000000a0000000,0x00000000a236a6c0,0x00000000a3500000)
 Metaspace       used 57317K, capacity 58988K, committed 59028K, reserved 1099776K
  class space    used 7755K, capacity 8157K, committed 8192K, reserved 1048576K
Event: 93.152 GC heap after
Heap after GC invocations=16 (full 3):
 PSYoungGen      total 176640K, used 0K [0x00000000e0000000, 0x00000000ee880000, 0x0000000100000000)
  eden space 158720K, 0% used [0x00000000e0000000,0x00000000e0000000,0x00000000e9b00000)
  from space 17920K, 0% used [0x00000000e9b00000,0x00000000e9b00000,0x00000000eac80000)
  to   space 17408K, 0% used [0x00000000ed780000,0x00000000ed780000,0x00000000ee880000)
 ParOldGen       total 92160K, used 36700K [0x00000000a0000000, 0x00000000a5a00000, 0x00000000e0000000)
  object space 92160K, 39% used [0x00000000a0000000,0x00000000a23d7140,0x00000000a5a00000)
 Metaspace       used 57317K, capacity 58988K, committed 59028K, reserved 1099776K
  class space    used 7755K, capacity 8157K, committed 8192K, reserved 1048576K
}
Event: 129.441 GC heap before
{Heap before GC invocations=17 (full 3):
 PSYoungGen      total 176640K, used 158720K [0x00000000e0000000, 0x00000000ee880000, 0x0000000100000000)
  eden space 158720K, 100% used [0x00000000e0000000,0x00000000e9b00000,0x00000000e9b00000)
  from space 17920K, 0% used [0x00000000e9b00000,0x00000000e9b00000,0x00000000eac80000)
  to   space 17408K, 0% used [0x00000000ed780000,0x00000000ed780000,0x00000000ee880000)
 ParOldGen       total 92160K, used 36700K [0x00000000a0000000, 0x00000000a5a00000, 0x00000000e0000000)
  object space 92160K, 39% used [0x00000000a0000000,0x00000000a23d7140,0x00000000a5a00000)
 Metaspace       used 68838K, capacity 71214K, committed 71512K, reserved 1112064K
  class space    used 9184K, capacity 9730K, committed 9856K, reserved 1048576K
Event: 129.557 GC heap after
Heap after GC invocations=17 (full 3):
 PSYoungGen      total 212992K, used 17391K [0x00000000e0000000, 0x00000000ef500000, 0x0000000100000000)
  eden space 195584K, 0% used [0x00000000e0000000,0x00000000e0000000,0x00000000ebf00000)
  from space 17408K, 99% used [0x00000000ed780000,0x00000000ee87bd40,0x00000000ee880000)
  to   space 25088K, 0% used [0x00000000ebf00000,0x00000000ebf00000,0x00000000ed780000)
 ParOldGen       total 92160K, used 50548K [0x00000000a0000000, 0x00000000a5a00000, 0x00000000e0000000)
  object space 92160K, 54% used [0x00000000a0000000,0x00000000a315d1f0,0x00000000a5a00000)
 Metaspace       used 68838K, capacity 71214K, committed 71512K, reserved 1112064K
  class space    used 9184K, capacity 9730K, committed 9856K, reserved 1048576K
}
Event: 141.442 GC heap before
{Heap before GC invocations=18 (full 3):
 PSYoungGen      total 212992K, used 212975K [0x00000000e0000000, 0x00000000ef500000, 0x0000000100000000)
  eden space 195584K, 100% used [0x00000000e0000000,0x00000000ebf00000,0x00000000ebf00000)
  from space 17408K, 99% used [0x00000000ed780000,0x00000000ee87bd40,0x00000000ee880000)
  to   space 25088K, 0% used [0x00000000ebf00000,0x00000000ebf00000,0x00000000ed780000)
 ParOldGen       total 92160K, used 50548K [0x00000000a0000000, 0x00000000a5a00000, 0x00000000e0000000)
  object space 92160K, 54% used [0x00000000a0000000,0x00000000a315d1f0,0x00000000a5a00000)
 Metaspace       used 72161K, capacity 74904K, committed 75224K, reserved 1114112K
  class space    used 9605K, capacity 10173K, committed 10240K, reserved 1048576K
Event: 141.600 GC heap after
Heap after GC invocations=18 (full 3):
 PSYoungGen      total 220672K, used 18746K [0x00000000e0000000, 0x00000000f2500000, 0x0000000100000000)
  eden space 195584K, 0% used [0x00000000e0000000,0x00000000e0000000,0x00000000ebf00000)
  from space 25088K, 74% used [0x00000000ebf00000,0x00000000ed14ea58,0x00000000ed780000)
  to   space 26624K, 0% used [0x00000000f0b00000,0x00000000f0b00000,0x00000000f2500000)
 ParOldGen       total 92160K, used 67870K [0x00000000a0000000, 0x00000000a5a00000, 0x00000000e0000000)
  object space 92160K, 73% used [0x00000000a0000000,0x00000000a4247b18,0x00000000a5a00000)
 Metaspace       used 72161K, capacity 74904K, committed 75224K, reserved 1114112K
  class space    used 9605K, capacity 10173K, committed 10240K, reserved 1048576K
}

Deoptimization events (10 events):
Event: 141.258 Thread 0x0000000017656000 Uncommon trap: reason=bimorphic action=maybe_recompile pc=0x00000000037f8920 method=java.io.ObjectOutputStream$BlockDataOutputStream.write([BIIZ)V @ 23
Event: 141.261 Thread 0x0000000017656000 Uncommon trap: reason=bimorphic action=maybe_recompile pc=0x00000000037f879c method=java.io.ObjectOutputStream$BlockDataOutputStream.drain()V @ 36
Event: 141.261 Thread 0x0000000017656000 Uncommon trap: reason=unstable_if action=reinterpret pc=0x00000000036b4938 method=java.lang.reflect.Proxy.isProxyClass(Ljava/lang/Class;)Z @ 6
Event: 141.266 Thread 0x0000000017656000 Uncommon trap: reason=unstable_if action=reinterpret pc=0x000000000391b70c method=java.io.ObjectOutputStream.isCustomSubclass()Z @ 12
Event: 141.266 Thread 0x0000000017656000 Uncommon trap: reason=unstable_if action=reinterpret pc=0x0000000002771bb0 method=java.lang.reflect.Proxy.isProxyClass(Ljava/lang/Class;)Z @ 6
Event: 141.298 Thread 0x0000000017656000 Uncommon trap: reason=unstable_if action=reinterpret pc=0x00000000027498b8 method=java.io.ObjectOutputStream$HandleTable.assign(Ljava/lang/Object;)I @ 24
Event: 141.819 Thread 0x00000000187a9000 Uncommon trap: reason=class_check action=maybe_recompile pc=0x0000000002699518 method=java.util.concurrent.locks.ReentrantLock.lock()V @ 4
Event: 141.867 Thread 0x0000000017a60800 Uncommon trap: reason=class_check action=maybe_recompile pc=0x0000000002699518 method=java.util.concurrent.locks.ReentrantLock.lock()V @ 4
Event: 141.942 Thread 0x00000000187b0800 Uncommon trap: reason=class_check action=maybe_recompile pc=0x0000000002699518 method=java.util.concurrent.locks.ReentrantLock.lock()V @ 4
Event: 142.009 Thread 0x00000000187a9800 Uncommon trap: reason=class_check action=maybe_recompile pc=0x0000000002699518 method=java.util.concurrent.locks.ReentrantLock.lock()V @ 4

Classes redefined (0 events):
No events

Internal exceptions (10 events):
Event: 129.110 Thread 0x0000000017a61000 Implicit null exception at 0x0000000003434a6f to 0x0000000003434b61
Event: 129.110 Thread 0x0000000017a62800 Implicit null exception at 0x0000000003434a6f to 0x0000000003434b61
Event: 131.442 Thread 0x00000000187b6800 Implicit null exception at 0x0000000004004745 to 0x0000000004005081
Event: 132.712 Thread 0x0000000017a62800 Implicit null exception at 0x00000000041000a8 to 0x000000000410026d
Event: 134.003 Thread 0x0000000017a62800 Exception <a 'sun/nio/fs/WindowsException'> (0x00000000e513d1c8) thrown at [D:\src\AOSP-openjdk-cygwin\jdk8u\hotspot\src\share\vm\prims\jni.cpp, line 709]
Event: 136.655 Thread 0x00000000187b6800 Exception <a 'java/lang/NoSuchMethodError': java.lang.Object.lambda$asRunnable$0(Lcom/android/apkzlib/utils/IOExceptionRunnable;)V> (0x00000000e631b750) thrown at [D:\src\AOSP-openjdk-cygwin\jdk8u\hotspot\src\share\vm\interpreter\linkResolver.cpp, line 58
Event: 136.901 Thread 0x00000000187b6800 Exception <a 'java/lang/ClassNotFoundException': org/gradle/api/plugins/JavaPluginConventionBeanInfo> (0x00000000e6400940) thrown at [D:\src\AOSP-openjdk-cygwin\jdk8u\hotspot\src\share\vm\classfile\systemDictionary.cpp, line 210]
Event: 136.902 Thread 0x00000000187b6800 Exception <a 'java/lang/ClassNotFoundException': org/gradle/api/plugins/JavaPluginConventionCustomizer> (0x00000000e6439e20) thrown at [D:\src\AOSP-openjdk-cygwin\jdk8u\hotspot\src\share\vm\classfile\systemDictionary.cpp, line 210]
Event: 138.204 Thread 0x00000000187b6800 Exception <a 'java/lang/NoSuchMethodError': java.lang.Object.lambda$comparing$ea9a8b3a$1(Ljava/util/Comparator;Ljava/util/function/Function;Ljava/lang/Object;Ljava/lang/Object;)I> (0x00000000e78a9cb0) thrown at [D:\src\AOSP-openjdk-cygwin\jdk8u\hotspot\sr
Event: 138.966 Thread 0x00000000187b6800 Exception <a 'java/lang/NoSuchMethodError': java.lang.Object.lambda$or$2(Ljava/util/function/Predicate;Ljava/lang/Object;)Z> (0x00000000e8066fe8) thrown at [D:\src\AOSP-openjdk-cygwin\jdk8u\hotspot\src\share\vm\interpreter\linkResolver.cpp, line 584]

Events (10 events):
Event: 141.944 Executing VM operation: RevokeBias done
Event: 142.009 Thread 0x00000000187a9800 Uncommon trap: trap_request=0xffffffde fr.pc=0x0000000002699518
Event: 142.009 Thread 0x00000000187a9800 DEOPT PACKING pc=0x0000000002699518 sp=0x000000001fd5f190
Event: 142.009 Thread 0x00000000187a9800 DEOPT UNPACKING pc=0x00000000025a557b sp=0x000000001fd5f128 mode 2
Event: 142.009 Executing VM operation: RevokeBias
Event: 142.010 Executing VM operation: RevokeBias done
Event: 142.010 Thread 0x00000000187a9800 Thread exited: 0x00000000187a9800
Event: 142.010 Executing VM operation: RevokeBias
Event: 142.010 Executing VM operation: RevokeBias done
Event: 142.145 Thread 0x0000000015ce6000 flushing nmethod 0x0000000002980f10


Dynamic libraries:
0x00007ff695240000 - 0x00007ff695271000 	D:\Teste\jre\bin\java.exe
0x00007ffb0c450000 - 0x00007ffb0c62b000 	C:\Windows\SYSTEM32\ntdll.dll
0x00007ffb0acc0000 - 0x00007ffb0ad6e000 	C:\Windows\System32\KERNEL32.DLL
0x00007ffb09240000 - 0x00007ffb09489000 	C:\Windows\System32\KERNELBASE.dll
0x00007ffb0a530000 - 0x00007ffb0a5d1000 	C:\Windows\System32\ADVAPI32.dll
0x00007ffb0a340000 - 0x00007ffb0a3dd000 	C:\Windows\System32\msvcrt.dll
0x00007ffb0a790000 - 0x00007ffb0a7e9000 	C:\Windows\System32\sechost.dll
0x00007ffb0a210000 - 0x00007ffb0a335000 	C:\Windows\System32\RPCRT4.dll
0x00007ffb09fb0000 - 0x00007ffb0a0fa000 	C:\Windows\System32\USER32.dll
0x00007ffb09530000 - 0x00007ffb0954e000 	C:\Windows\System32\win32u.dll
0x00007ffb0ac90000 - 0x00007ffb0acb7000 	C:\Windows\System32\GDI32.dll
0x00007ffb09700000 - 0x00007ffb09888000 	C:\Windows\System32\gdi32full.dll
0x00007ffb09490000 - 0x00007ffb0952a000 	C:\Windows\System32\msvcp_win.dll
0x00007ffb09600000 - 0x00007ffb096f6000 	C:\Windows\System32\ucrtbase.dll
0x00007ffafddf0000 - 0x00007ffafe057000 	C:\Windows\WinSxS\amd64_microsoft.windows.common-controls_6595b64144ccf1df_6.0.15063.0_none_108e4f62dfe5d999\COMCTL32.dll
0x00007ffb09ab0000 - 0x00007ffb09da9000 	C:\Windows\System32\combase.dll
0x00007ffb09940000 - 0x00007ffb099aa000 	C:\Windows\System32\bcryptPrimitives.dll
0x00007ffb0a760000 - 0x00007ffb0a78d000 	C:\Windows\System32\IMM32.DLL
0x0000000052bf0000 - 0x0000000052cc2000 	D:\Teste\jre\jre\bin\msvcr100.dll
0x0000000052cd0000 - 0x000000005350f000 	D:\Teste\jre\jre\bin\server\jvm.dll
0x00007ffb09aa0000 - 0x00007ffb09aa8000 	C:\Windows\System32\PSAPI.DLL
0x00007ffb02110000 - 0x00007ffb02119000 	C:\Windows\SYSTEM32\WSOCK32.dll
0x00007ffb06d90000 - 0x00007ffb06db3000 	C:\Windows\SYSTEM32\WINMM.dll
0x00007ffb0aef0000 - 0x00007ffb0af5c000 	C:\Windows\System32\WS2_32.dll
0x00007ffaf9530000 - 0x00007ffaf953a000 	C:\Windows\SYSTEM32\VERSION.dll
0x00007ffb06d30000 - 0x00007ffb06d5b000 	C:\Windows\SYSTEM32\WINMMBASE.dll
0x00007ffb09550000 - 0x00007ffb09599000 	C:\Windows\System32\cfgmgr32.dll
0x00007ffb01c10000 - 0x00007ffb01c1f000 	D:\Teste\jre\jre\bin\verify.dll
0x00007ffb01be0000 - 0x00007ffb01c09000 	D:\Teste\jre\jre\bin\java.dll
0x00007ffb01bc0000 - 0x00007ffb01bd6000 	D:\Teste\jre\jre\bin\zip.dll
0x00007ffb0b010000 - 0x00007ffb0c447000 	C:\Windows\System32\SHELL32.dll
0x00007ffb0af60000 - 0x00007ffb0b00a000 	C:\Windows\System32\shcore.dll
0x00007ffb08b40000 - 0x00007ffb09232000 	C:\Windows\System32\windows.storage.dll
0x00007ffb09db0000 - 0x00007ffb09e01000 	C:\Windows\System32\shlwapi.dll
0x00007ffb08930000 - 0x00007ffb08941000 	C:\Windows\System32\kernel.appcore.dll
0x00007ffb088e0000 - 0x00007ffb0892c000 	C:\Windows\System32\powrprof.dll
0x00007ffb088c0000 - 0x00007ffb088d5000 	C:\Windows\System32\profapi.dll
0x00007ffb01ba0000 - 0x00007ffb01bba000 	D:\Teste\jre\jre\bin\net.dll
0x00007ffb08170000 - 0x00007ffb081cc000 	C:\Windows\system32\mswsock.dll
0x00007ffadcc30000 - 0x00007ffadcc41000 	D:\Teste\jre\jre\bin\nio.dll
0x00007ffb057c0000 - 0x00007ffb057de000 	C:\Users\gabri\.gradle\native\25\windows-amd64\native-platform.dll
0x00007ffafda70000 - 0x00007ffafda7d000 	D:\Teste\jre\jre\bin\management.dll
0x00007ffb08310000 - 0x00007ffb08327000 	C:\Windows\SYSTEM32\CRYPTSP.dll
0x00007ffb07d90000 - 0x00007ffb07dc4000 	C:\Windows\system32\rsaenh.dll
0x00007ffb08790000 - 0x00007ffb087b5000 	C:\Windows\SYSTEM32\bcrypt.dll
0x00007ffb087c0000 - 0x00007ffb087e9000 	C:\Windows\SYSTEM32\USERENV.dll
0x00007ffb08330000 - 0x00007ffb0833b000 	C:\Windows\SYSTEM32\CRYPTBASE.dll
0x00007ffb07f10000 - 0x00007ffb07f47000 	C:\Windows\SYSTEM32\IPHLPAPI.DLL
0x00007ffb09a90000 - 0x00007ffb09a98000 	C:\Windows\System32\NSI.dll
0x00007ffafd5d0000 - 0x00007ffafd5e6000 	C:\Windows\SYSTEM32\dhcpcsvc6.DLL
0x00007ffafe320000 - 0x00007ffafe33a000 	C:\Windows\SYSTEM32\dhcpcsvc.DLL

VM Arguments:
jvm_args: -Xmx1536m -Dfile.encoding=windows-1252 -Duser.country=BR -Duser.language=pt -Duser.variant 
java_command: org.gradle.launcher.daemon.bootstrap.GradleDaemon 4.4
java_class_path (initial): C:\Users\gabri\.gradle\wrapper\dists\gradle-4.4-all\9br9xq1tocpiv8o6njlyu5op1\gradle-4.4\lib\gradle-launcher-4.4.jar
Launcher Type: SUN_STANDARD

Environment Variables:
PATH=C:\Program Files\Microsoft MPI\Bin\;C:\Program Files (x86)\Intel\TXE Components\TCS\;C:\Program Files\Intel\TXE Components\TCS\;C:\Windows\system32;C:\Windows;C:\Windows\System32\Wbem;C:\Windows\System32\WindowsPowerShell\v1.0\;C:\Program Files\Intel\TXE Components\DAL\;C:\Program Files (x86)\Intel\TXE Components\DAL\;C:\Program Files\Intel\TXE Components\IPT\;C:\Program Files (x86)\Intel\TXE Components\IPT\;C:\Program Files\dotnet\;C:\Program Files (x86)\Microsoft SQL Server\140\Tools\Binn\;C:\Program Files\Microsoft SQL Server\Client SDK\ODBC\130\Tools\Binn\;C:\Program Files (x86)\Microsoft SQL Server\140\DTS\Binn\;C:\Program Files (x86)\Microsoft SQL Server\Client SDK\ODBC\130\Tools\Binn\;C:\Program Files (x86)\Microsoft SQL Server\140\Tools\Binn\ManagementStudio\;C:\Program Files (x86)\Microsoft SQL Server\130\Tools\Binn\;C:\Program Files\Microsoft SQL Server\130\Tools\Binn\;C:\Program Files\Microsoft SQL Server\130\DTS\Binn\;C:\Users\gabri\AppData\Local\Microsoft\WindowsApps;
USERNAME=gabri
OS=Windows_NT
PROCESSOR_IDENTIFIER=Intel64 Family 6 Model 76 Stepping 4, GenuineIntel



---------------  S Y S T E M  ---------------

OS: Windows 10.0 , 64 bit Build 15063 (10.0.15063.296)

CPU:total 2 (initial active 2) (2 cores per cpu, 1 threads per core) family 6 model 76 stepping 4, cmov, cx8, fxsr, mmx, sse, sse2, sse3, ssse3, sse4.1, sse4.2, popcnt, aes, clmul, erms, 3dnowpref, tsc, tscinvbit

Memory: 4k page, physical 4043220k(316448k free), swap 4933260k(2816k free)

vm_info: OpenJDK 64-Bit Server VM (25.152-b02) for windows-amd64 JRE (1.8.0_152-release-1024-b02), built by "builder" with MS VC++ 10.0 (VS2010)

time: Wed Sep 19 19:46:48 2018
elapsed time: 143 seconds (0d 0h 2m 23s)

