#
# There is insufficient memory for the Java Runtime Environment to continue.
# Native memory allocation (malloc) failed to allocate 1337184 bytes for Chunk::new
# Possible reasons:
#   The system is out of physical RAM or swap space
#   In 32 bit mode, the process size limit was hit
# Possible solutions:
#   Reduce memory load on the system
#   Increase physical memory or swap space
#   Check if swap backing store is full
#   Use 64 bit Java on a 64 bit OS
#   Decrease Java heap size (-Xmx/-Xms)
#   Decrease number of Java threads
#   Decrease Java thread stack sizes (-Xss)
#   Set larger code cache with -XX:ReservedCodeCacheSize=
# This output file may be truncated or incomplete.
#
#  Out of Memory Error (allocation.cpp:390), pid=1452, tid=0x0000000000001b54
#
# JRE version: OpenJDK Runtime Environment (8.0_152-b02) (build 1.8.0_152-release-1024-b02)
# Java VM: OpenJDK 64-Bit Server VM (25.152-b02 mixed mode windows-amd64 compressed oops)
# Failed to write core dump. Minidumps are not enabled by default on client versions of Windows
#

---------------  T H R E A D  ---------------

Current thread (0x0000000016144000):  JavaThread "C2 CompilerThread0" daemon [_thread_in_native, id=6996, stack(0x0000000017190000,0x0000000017290000)]

Stack: [0x0000000017190000,0x0000000017290000]
[error occurred during error reporting (printing stack bounds), id 0xc0000005]

Native frames: (J=compiled Java code, j=interpreted, Vv=VM code, C=native code)


Current CompileTask:
C2:4435152 14898       4       org.gradle.internal.component.external.model.AbstractMutableModuleComponentResolveMetadata::populateConfigurationFromDescriptor (264 bytes)


---------------  P R O C E S S  ---------------

Java Threads: ( => current thread )
  0x000000001b8e7000 JavaThread "Cache worker for Artifact transforms cache (C:\Users\gabri\.gradle\caches\transforms-1)" [_thread_blocked, id=3584, stack(0x0000000025bb0000,0x0000000025cb0000)]
  0x000000001b8e6800 JavaThread "Cache worker for file hash cache (D:\SegurSysMobile\.gradle\4.4\fileHashes)" [_thread_blocked, id=5016, stack(0x0000000025ab0000,0x0000000025bb0000)]
  0x000000001b8e5800 JavaThread "Stdin handler" [_thread_blocked, id=2408, stack(0x00000000259b0000,0x0000000025ab0000)]
  0x000000001a814000 JavaThread "Asynchronous log dispatcher for DefaultDaemonConnection: socket connection from /127.0.0.1:49778 to /127.0.0.1:49869" [_thread_blocked, id=1080, stack(0x00000000258b0000,0x00000000259b0000)]
  0x000000001a810000 JavaThread "Daemon worker Thread 3" [_thread_in_native, id=736, stack(0x00000000257b0000,0x00000000258b0000)]
  0x000000001a80f800 JavaThread "Cancel handler" [_thread_blocked, id=5388, stack(0x00000000256b0000,0x00000000257b0000)]
  0x000000001a813000 JavaThread "Handler for socket connection from /127.0.0.1:49778 to /127.0.0.1:49869" [_thread_in_native, id=5940, stack(0x00000000255b0000,0x00000000256b0000)]
  0x000000001a814800 JavaThread "Daemon Thread 3" [_thread_blocked, id=6504, stack(0x00000000254b0000,0x00000000255b0000)]
  0x000000001a80e000 JavaThread "Memory manager" [_thread_blocked, id=8004, stack(0x000000001ee70000,0x000000001ef70000)]
  0x0000000017dc0800 JavaThread "File lock request listener" [_thread_in_native, id=6628, stack(0x000000001b4c0000,0x000000001b5c0000)]
  0x0000000017be6000 JavaThread "Cache worker for file hash cache (C:\Users\gabri\.gradle\caches\4.4\fileHashes)" [_thread_blocked, id=732, stack(0x000000001a3f0000,0x000000001a4f0000)]
  0x0000000017b30000 JavaThread "Daemon periodic checks" [_thread_blocked, id=844, stack(0x00000000198f0000,0x00000000199f0000)]
  0x00000000176da000 JavaThread "Incoming local TCP Connector on port 49778" [_thread_in_native, id=5424, stack(0x00000000196a0000,0x00000000197a0000)]
  0x00000000161bc800 JavaThread "Service Thread" daemon [_thread_blocked, id=3188, stack(0x0000000017390000,0x0000000017490000)]
  0x0000000016147800 JavaThread "C1 CompilerThread1" daemon [_thread_blocked, id=648, stack(0x0000000017290000,0x0000000017390000)]
=>0x0000000016144000 JavaThread "C2 CompilerThread0" daemon [_thread_in_native, id=6996, stack(0x0000000017190000,0x0000000017290000)]
  0x0000000016151000 JavaThread "Attach Listener" daemon [_thread_blocked, id=884, stack(0x0000000017090000,0x0000000017190000)]
  0x000000001614f800 JavaThread "Signal Dispatcher" daemon [_thread_blocked, id=1564, stack(0x0000000016f90000,0x0000000017090000)]
  0x000000001612e800 JavaThread "Finalizer" daemon [_thread_blocked, id=6268, stack(0x0000000016d90000,0x0000000016e90000)]
  0x0000000016104000 JavaThread "Reference Handler" daemon [_thread_blocked, id=6852, stack(0x0000000016c90000,0x0000000016d90000)]
  0x000000000286d800 JavaThread "main" [_thread_blocked, id=8172, stack(0x0000000002760000,0x0000000002860000)]

Other Threads:
  0x00000000160fd000 VMThread [stack: 0x0000000016b90000,0x0000000016c90000] [id=3204]
  0x00000000161be800 WatcherThread [stack: 0x0000000017490000,0x0000000017590000] [id=6928]

VM state:not at safepoint (normal execution)

VM Mutex/Monitor currently owned by a thread: None

Heap:
 PSYoungGen      total 269824K, used 256416K [0x00000000e0000000, 0x00000000f7d80000, 0x0000000100000000)
  eden space 241664K, 96% used [0x00000000e0000000,0x00000000ee39c6a0,0x00000000eec00000)
  from space 28160K, 82% used [0x00000000eec00000,0x00000000f02cbce0,0x00000000f0780000)
  to   space 31232K, 0% used [0x00000000f5f00000,0x00000000f5f00000,0x00000000f7d80000)
 ParOldGen       total 115200K, used 46861K [0x00000000a0000000, 0x00000000a7080000, 0x00000000e0000000)
  object space 115200K, 40% used [0x00000000a0000000,0x00000000a2dc37d0,0x00000000a7080000)
 Metaspace       used 82692K, capacity 85998K, committed 86232K, reserved 1124352K
  class space    used 10658K, capacity 11394K, committed 11520K, reserved 1048576K

Card table byte_map: [0x0000000011de0000,0x00000000120f0000] byte_map_base: 0x00000000118e0000

Marking Bits: (ParMarkBitMap*) 0x0000000060c44970
 Begin Bits: [0x00000000124f0000, 0x0000000013cf0000)
 End Bits:   [0x0000000013cf0000, 0x00000000154f0000)

Polling page: 0x0000000002870000

CodeCache: size=245760Kb used=39585Kb max_used=39959Kb free=206174Kb
 bounds [0x0000000002a20000, 0x0000000005170000, 0x0000000011a20000]
 total_blobs=13219 nmethods=12376 adapters=756
 compilation: enabled

Compilation events (10 events):
Event: 4431.714 Thread 0x0000000016147800 nmethod 14893 0x0000000002dd6710 code [0x0000000002dd6860, 0x0000000002dd69d0]
Event: 4431.714 Thread 0x0000000016147800 14894       3       org.gradle.internal.component.external.model.DefaultMutableMavenModuleResolveMetadata::getDependencies (5 bytes)
Event: 4431.715 Thread 0x0000000016147800 nmethod 14894 0x0000000004ffda10 code [0x0000000004ffdb60, 0x0000000004ffdcd0]
Event: 4431.715 Thread 0x0000000016147800 14895       3       org.gradle.internal.component.external.model.DefaultMutableMavenModuleResolveMetadata::getArtifactOverrides (5 bytes)
Event: 4431.715 Thread 0x0000000016144000 14898       4       org.gradle.internal.component.external.model.AbstractMutableModuleComponentResolveMetadata::populateConfigurationFromDescriptor (264 bytes)
Event: 4431.715 Thread 0x0000000016147800 nmethod 14895 0x0000000003731e10 code [0x0000000003731f60, 0x00000000037320d0]
Event: 4431.715 Thread 0x0000000016147800 14896       3       org.gradle.internal.component.external.model.DefaultMutableMavenModuleResolveMetadata::getConfigurations (5 bytes)
Event: 4431.716 Thread 0x0000000016147800 nmethod 14896 0x0000000003debc10 code [0x0000000003debd80, 0x0000000003dec048]
Event: 4431.716 Thread 0x0000000016147800 14897       3       org.gradle.internal.component.external.model.AbstractMutableModuleComponentResolveMetadata::getConfigurations (24 bytes)
Event: 4431.716 Thread 0x0000000016147800 nmethod 14897 0x0000000002d8ffd0 code [0x0000000002d90140, 0x0000000002d903f8]

GC Heap History (10 events):
Event: 137.090 GC heap before
{Heap before GC invocations=17 (full 3):
 PSYoungGen      total 168960K, used 154624K [0x00000000e0000000, 0x00000000edb00000, 0x0000000100000000)
  eden space 154624K, 100% used [0x00000000e0000000,0x00000000e9700000,0x00000000e9700000)
  from space 14336K, 0% used [0x00000000e9700000,0x00000000e9700000,0x00000000ea500000)
  to   space 13824K, 0% used [0x00000000ecd80000,0x00000000ecd80000,0x00000000edb00000)
 ParOldGen       total 88576K, used 33778K [0x00000000a0000000, 0x00000000a5680000, 0x00000000e0000000)
  object space 88576K, 38% used [0x00000000a0000000,0x00000000a20fcb78,0x00000000a5680000)
 Metaspace       used 69322K, capacity 71664K, committed 71896K, reserved 1112064K
  class space    used 9233K, capacity 9709K, committed 9728K, reserved 1048576K
Event: 137.264 GC heap after
Heap after GC invocations=17 (full 3):
 PSYoungGen      total 203264K, used 13815K [0x00000000e0000000, 0x00000000ee580000, 0x0000000100000000)
  eden space 189440K, 0% used [0x00000000e0000000,0x00000000e0000000,0x00000000eb900000)
  from space 13824K, 99% used [0x00000000ecd80000,0x00000000edafdf30,0x00000000edb00000)
  to   space 20992K, 0% used [0x00000000eb900000,0x00000000eb900000,0x00000000ecd80000)
 ParOldGen       total 88576K, used 47879K [0x00000000a0000000, 0x00000000a5680000, 0x00000000e0000000)
  object space 88576K, 54% used [0x00000000a0000000,0x00000000a2ec1c38,0x00000000a5680000)
 Metaspace       used 69322K, capacity 71664K, committed 71896K, reserved 1112064K
  class space    used 9233K, capacity 9709K, committed 9728K, reserved 1048576K
}
Event: 147.416 GC heap before
{Heap before GC invocations=18 (full 3):
 PSYoungGen      total 203264K, used 202593K [0x00000000e0000000, 0x00000000ee580000, 0x0000000100000000)
  eden space 189440K, 99% used [0x00000000e0000000,0x00000000eb85a540,0x00000000eb900000)
  from space 13824K, 99% used [0x00000000ecd80000,0x00000000edafdf30,0x00000000edb00000)
  to   space 20992K, 0% used [0x00000000eb900000,0x00000000eb900000,0x00000000ecd80000)
 ParOldGen       total 88576K, used 47879K [0x00000000a0000000, 0x00000000a5680000, 0x00000000e0000000)
  object space 88576K, 54% used [0x00000000a0000000,0x00000000a2ec1c38,0x00000000a5680000)
 Metaspace       used 71673K, capacity 74240K, committed 74328K, reserved 1114112K
  class space    used 9473K, capacity 10037K, committed 10112K, reserved 1048576K
Event: 147.557 GC heap after
Heap after GC invocations=18 (full 3):
 PSYoungGen      total 210432K, used 20960K [0x00000000e0000000, 0x00000000f2300000, 0x0000000100000000)
  eden space 189440K, 0% used [0x00000000e0000000,0x00000000e0000000,0x00000000eb900000)
  from space 20992K, 99% used [0x00000000eb900000,0x00000000ecd781c0,0x00000000ecd80000)
  to   space 28160K, 0% used [0x00000000f0780000,0x00000000f0780000,0x00000000f2300000)
 ParOldGen       total 88576K, used 58156K [0x00000000a0000000, 0x00000000a5680000, 0x00000000e0000000)
  object space 88576K, 65% used [0x00000000a0000000,0x00000000a38cb188,0x00000000a5680000)
 Metaspace       used 71673K, capacity 74240K, committed 74328K, reserved 1114112K
  class space    used 9473K, capacity 10037K, committed 10112K, reserved 1048576K
}
Event: 147.682 GC heap before
{Heap before GC invocations=19 (full 3):
 PSYoungGen      total 210432K, used 209778K [0x00000000e0000000, 0x00000000f2300000, 0x0000000100000000)
  eden space 189440K, 99% used [0x00000000e0000000,0x00000000eb8646f0,0x00000000eb900000)
  from space 20992K, 99% used [0x00000000eb900000,0x00000000ecd781c0,0x00000000ecd80000)
  to   space 28160K, 0% used [0x00000000f0780000,0x00000000f0780000,0x00000000f2300000)
 ParOldGen       total 88576K, used 58156K [0x00000000a0000000, 0x00000000a5680000, 0x00000000e0000000)
  object space 88576K, 65% used [0x00000000a0000000,0x00000000a38cb188,0x00000000a5680000)
 Metaspace       used 71681K, capacity 74240K, committed 74328K, reserved 1114112K
  class space    used 9473K, capacity 10037K, committed 10112K, reserved 1048576K
Event: 147.787 GC heap after
Heap after GC invocations=19 (full 3):
 PSYoungGen      total 269824K, used 32K [0x00000000e0000000, 0x00000000f5600000, 0x0000000100000000)
  eden space 241664K, 0% used [0x00000000e0000000,0x00000000e0000000,0x00000000eec00000)
  from space 28160K, 0% used [0x00000000f0780000,0x00000000f0788000,0x00000000f2300000)
  to   space 28160K, 0% used [0x00000000eec00000,0x00000000eec00000,0x00000000f0780000)
 ParOldGen       total 88576K, used 79003K [0x00000000a0000000, 0x00000000a5680000, 0x00000000e0000000)
  object space 88576K, 89% used [0x00000000a0000000,0x00000000a4d26f68,0x00000000a5680000)
 Metaspace       used 71681K, capacity 74240K, committed 74328K, reserved 1114112K
  class space    used 9473K, capacity 10037K, committed 10112K, reserved 1048576K
}
Event: 147.787 GC heap before
{Heap before GC invocations=20 (full 4):
 PSYoungGen      total 269824K, used 32K [0x00000000e0000000, 0x00000000f5600000, 0x0000000100000000)
  eden space 241664K, 0% used [0x00000000e0000000,0x00000000e0000000,0x00000000eec00000)
  from space 28160K, 0% used [0x00000000f0780000,0x00000000f0788000,0x00000000f2300000)
  to   space 28160K, 0% used [0x00000000eec00000,0x00000000eec00000,0x00000000f0780000)
 ParOldGen       total 88576K, used 79003K [0x00000000a0000000, 0x00000000a5680000, 0x00000000e0000000)
  object space 88576K, 89% used [0x00000000a0000000,0x00000000a4d26f68,0x00000000a5680000)
 Metaspace       used 71681K, capacity 74240K, committed 74328K, reserved 1114112K
  class space    used 9473K, capacity 10037K, committed 10112K, reserved 1048576K
Event: 148.246 GC heap after
Heap after GC invocations=20 (full 4):
 PSYoungGen      total 269824K, used 0K [0x00000000e0000000, 0x00000000f5600000, 0x0000000100000000)
  eden space 241664K, 0% used [0x00000000e0000000,0x00000000e0000000,0x00000000eec00000)
  from space 28160K, 0% used [0x00000000f0780000,0x00000000f0780000,0x00000000f2300000)
  to   space 28160K, 0% used [0x00000000eec00000,0x00000000eec00000,0x00000000f0780000)
 ParOldGen       total 115200K, used 46853K [0x00000000a0000000, 0x00000000a7080000, 0x00000000e0000000)
  object space 115200K, 40% used [0x00000000a0000000,0x00000000a2dc17d0,0x00000000a7080000)
 Metaspace       used 71569K, capacity 73916K, committed 74328K, reserved 1114112K
  class space    used 9435K, capacity 9969K, committed 10112K, reserved 1048576K
}
Event: 727.375 GC heap before
{Heap before GC invocations=21 (full 4):
 PSYoungGen      total 269824K, used 241664K [0x00000000e0000000, 0x00000000f5600000, 0x0000000100000000)
  eden space 241664K, 100% used [0x00000000e0000000,0x00000000eec00000,0x00000000eec00000)
  from space 28160K, 0% used [0x00000000f0780000,0x00000000f0780000,0x00000000f2300000)
  to   space 28160K, 0% used [0x00000000eec00000,0x00000000eec00000,0x00000000f0780000)
 ParOldGen       total 115200K, used 46853K [0x00000000a0000000, 0x00000000a7080000, 0x00000000e0000000)
  object space 115200K, 40% used [0x00000000a0000000,0x00000000a2dc17d0,0x00000000a7080000)
 Metaspace       used 80098K, capacity 82960K, committed 83288K, reserved 1122304K
  class space    used 10380K, capacity 11011K, committed 11136K, reserved 1048576K
Event: 727.486 GC heap after
Heap after GC invocations=21 (full 4):
 PSYoungGen      total 269824K, used 23343K [0x00000000e0000000, 0x00000000f7d80000, 0x0000000100000000)
  eden space 241664K, 0% used [0x00000000e0000000,0x00000000e0000000,0x00000000eec00000)
  from space 28160K, 82% used [0x00000000eec00000,0x00000000f02cbce0,0x00000000f0780000)
  to   space 31232K, 0% used [0x00000000f5f00000,0x00000000f5f00000,0x00000000f7d80000)
 ParOldGen       total 115200K, used 46861K [0x00000000a0000000, 0x00000000a7080000, 0x00000000e0000000)
  object space 115200K, 40% used [0x00000000a0000000,0x00000000a2dc37d0,0x00000000a7080000)
 Metaspace       used 80098K, capacity 82960K, committed 83288K, reserved 1122304K
  class space    used 10380K, capacity 11011K, committed 11136K, reserved 1048576K
}

Deoptimization events (10 events):
Event: 770.422 Thread 0x000000001b8e6800 Uncommon trap: reason=bimorphic action=maybe_recompile pc=0x0000000003335ef0 method=com.google.common.collect.ImmutableList$1.get(I)Ljava/lang/Object; @ 5
Event: 770.422 Thread 0x000000001b8e6800 Uncommon trap: reason=bimorphic action=maybe_recompile pc=0x0000000003335ef0 method=com.google.common.collect.ImmutableList$1.get(I)Ljava/lang/Object; @ 5
Event: 771.770 Thread 0x000000001b8e6800 Uncommon trap: reason=class_check action=maybe_recompile pc=0x00000000046e36e0 method=java.util.Spliterators$ArraySpliterator.tryAdvance(Ljava/util/function/Consumer;)Z @ 49
Event: 771.770 Thread 0x000000001b8e6800 Uncommon trap: reason=class_check action=maybe_recompile pc=0x00000000046e36e0 method=java.util.Spliterators$ArraySpliterator.tryAdvance(Ljava/util/function/Consumer;)Z @ 49
Event: 771.770 Thread 0x000000001b8e6800 Uncommon trap: reason=class_check action=maybe_recompile pc=0x00000000046e36e0 method=java.util.Spliterators$ArraySpliterator.tryAdvance(Ljava/util/function/Consumer;)Z @ 49
Event: 771.770 Thread 0x000000001b8e6800 Uncommon trap: reason=class_check action=maybe_recompile pc=0x00000000046e36e0 method=java.util.Spliterators$ArraySpliterator.tryAdvance(Ljava/util/function/Consumer;)Z @ 49
Event: 784.677 Thread 0x000000001b8f1000 Uncommon trap: reason=unstable_if action=reinterpret pc=0x0000000005067aa0 method=com.esotericsoftware.kryo.io.Output.writeByte(B)V @ 8
Event: 4429.977 Thread 0x000000001a810000 Uncommon trap: reason=unstable_if action=reinterpret pc=0x0000000003298a18 method=java.lang.Long.stringSize(J)I @ 11
Event: 4430.066 Thread 0x000000001a810000 Uncommon trap: reason=array_check action=maybe_recompile pc=0x0000000004746224 method=com.google.common.collect.ImmutableSet.construct(I[Ljava/lang/Object;)Lcom/google/common/collect/ImmutableSet; @ 122
Event: 4430.106 Thread 0x000000001a810000 Uncommon trap: reason=array_check action=maybe_recompile pc=0x0000000004746224 method=com.google.common.collect.ImmutableSet.construct(I[Ljava/lang/Object;)Lcom/google/common/collect/ImmutableSet; @ 122

Classes redefined (0 events):
No events

Internal exceptions (10 events):
Event: 760.677 Thread 0x000000001b8e6800 Exception <a 'sun/nio/fs/WindowsException'> (0x00000000e5cb63e8) thrown at [D:\src\AOSP-openjdk-cygwin\jdk8u\hotspot\src\share\vm\prims\jni.cpp, line 709]
Event: 760.677 Thread 0x000000001b8e6800 Exception <a 'sun/nio/fs/WindowsException'> (0x00000000e5cb7018) thrown at [D:\src\AOSP-openjdk-cygwin\jdk8u\hotspot\src\share\vm\prims\jni.cpp, line 709]
Event: 765.923 Thread 0x000000001b8f0800 Implicit null exception at 0x0000000004a81004 to 0x0000000004a81e51
Event: 770.412 Thread 0x000000001b8e6800 Implicit null exception at 0x0000000003b2d594 to 0x0000000003b2d949
Event: 4430.104 Thread 0x000000001a810000 Exception <a 'java/lang/NoSuchMethodError': <clinit>> (0x00000000ee0485c0) thrown at [D:\src\AOSP-openjdk-cygwin\jdk8u\hotspot\src\share\vm\prims\jni.cpp, line 1613]
Event: 4430.215 Thread 0x000000001a810000 Exception <a 'java/lang/NoSuchMethodError': <clinit>> (0x00000000ee091280) thrown at [D:\src\AOSP-openjdk-cygwin\jdk8u\hotspot\src\share\vm\prims\jni.cpp, line 1613]
Event: 4430.220 Thread 0x000000001a810000 Exception <a 'java/lang/NoSuchMethodError': <clinit>> (0x00000000ee09de60) thrown at [D:\src\AOSP-openjdk-cygwin\jdk8u\hotspot\src\share\vm\prims\jni.cpp, line 1613]
Event: 4430.271 Thread 0x000000001a810000 Exception <a 'java/lang/NoSuchMethodError': <clinit>> (0x00000000ee107a80) thrown at [D:\src\AOSP-openjdk-cygwin\jdk8u\hotspot\src\share\vm\prims\jni.cpp, line 1613]
Event: 4430.271 Thread 0x000000001a810000 Exception <a 'java/lang/NoSuchMethodError': <clinit>> (0x00000000ee10b6d8) thrown at [D:\src\AOSP-openjdk-cygwin\jdk8u\hotspot\src\share\vm\prims\jni.cpp, line 1613]
Event: 4430.271 Thread 0x000000001a810000 Exception <a 'java/lang/NoSuchMethodError': <clinit>> (0x00000000ee10d1e0) thrown at [D:\src\AOSP-openjdk-cygwin\jdk8u\hotspot\src\share\vm\prims\jni.cpp, line 1613]

Events (10 events):
Event: 4430.327 Executing VM operation: RevokeBias done
Event: 4430.448 Executing VM operation: RevokeBias
Event: 4430.449 Executing VM operation: RevokeBias done
Event: 4430.449 Executing VM operation: BulkRevokeBias
Event: 4430.449 Executing VM operation: BulkRevokeBias done
Event: 4430.590 Thread 0x000000001b8e7000 Thread added: 0x000000001b8e7000
Event: 4430.654 Thread 0x0000000016144000 flushing nmethod 0x0000000004fb8510
Event: 4430.654 Thread 0x0000000016144000 flushing nmethod 0x0000000004fed450
Event: 4430.654 Thread 0x0000000016144000 flushing nmethod 0x0000000004ff3f10
Event: 4430.654 Thread 0x0000000016144000 flushing nmethod 0x0000000004ffd8d0


Dynamic libraries:
0x00007ff6eac50000 - 0x00007ff6eac81000 	D:\Teste\jre\bin\java.exe
0x00007ff800a10000 - 0x00007ff800beb000 	C:\Windows\SYSTEM32\ntdll.dll
0x00007ff8007a0000 - 0x00007ff80084e000 	C:\Windows\System32\KERNEL32.DLL
0x00007ffffd7c0000 - 0x00007ffffda09000 	C:\Windows\System32\KERNELBASE.dll
0x00007ff800850000 - 0x00007ff8008f1000 	C:\Windows\System32\ADVAPI32.dll
0x00007ff800530000 - 0x00007ff8005cd000 	C:\Windows\System32\msvcrt.dll
0x00007fffff7a0000 - 0x00007fffff7f9000 	C:\Windows\System32\sechost.dll
0x00007fffff910000 - 0x00007fffffa35000 	C:\Windows\System32\RPCRT4.dll
0x00007fffffe90000 - 0x00007ffffffda000 	C:\Windows\System32\USER32.dll
0x00007ffffdba0000 - 0x00007ffffdbbe000 	C:\Windows\System32\win32u.dll
0x00007ffffe110000 - 0x00007ffffe137000 	C:\Windows\System32\GDI32.dll
0x00007ffffda10000 - 0x00007ffffdb98000 	C:\Windows\System32\gdi32full.dll
0x00007ffffddf0000 - 0x00007ffffde8a000 	C:\Windows\System32\msvcp_win.dll
0x00007ffffd6c0000 - 0x00007ffffd7b6000 	C:\Windows\System32\ucrtbase.dll
0x00007ffff2420000 - 0x00007ffff2687000 	C:\Windows\WinSxS\amd64_microsoft.windows.common-controls_6595b64144ccf1df_6.0.15063.0_none_108e4f62dfe5d999\COMCTL32.dll
0x00007ff800090000 - 0x00007ff800389000 	C:\Windows\System32\combase.dll
0x00007ffffdee0000 - 0x00007ffffdf4a000 	C:\Windows\System32\bcryptPrimitives.dll
0x00007fffff8e0000 - 0x00007fffff90d000 	C:\Windows\System32\IMM32.DLL
0x00000000614d0000 - 0x00000000615a2000 	D:\Teste\jre\jre\bin\msvcr100.dll
0x0000000060480000 - 0x0000000060cbf000 	D:\Teste\jre\jre\bin\server\jvm.dll
0x00007fffffa40000 - 0x00007fffffa48000 	C:\Windows\System32\PSAPI.DLL
0x00007ffff61c0000 - 0x00007ffff61c9000 	C:\Windows\SYSTEM32\WSOCK32.dll
0x00007fffff870000 - 0x00007fffff8dc000 	C:\Windows\System32\WS2_32.dll
0x00007ffffb350000 - 0x00007ffffb373000 	C:\Windows\SYSTEM32\WINMM.dll
0x00007fffed600000 - 0x00007fffed60a000 	C:\Windows\SYSTEM32\VERSION.dll
0x00007ffffb300000 - 0x00007ffffb32b000 	C:\Windows\SYSTEM32\WINMMBASE.dll
0x00007ffffde90000 - 0x00007ffffded9000 	C:\Windows\System32\cfgmgr32.dll
0x00007fffdf3d0000 - 0x00007fffdf3df000 	D:\Teste\jre\jre\bin\verify.dll
0x00007fffce6f0000 - 0x00007fffce719000 	D:\Teste\jre\jre\bin\java.dll
0x00007fffce6d0000 - 0x00007fffce6e6000 	D:\Teste\jre\jre\bin\zip.dll
0x00007ffffe360000 - 0x00007fffff797000 	C:\Windows\System32\SHELL32.dll
0x00007ffffe140000 - 0x00007ffffe1ea000 	C:\Windows\System32\shcore.dll
0x00007ffffcfc0000 - 0x00007ffffd6b2000 	C:\Windows\System32\windows.storage.dll
0x00007ff800030000 - 0x00007ff800081000 	C:\Windows\System32\shlwapi.dll
0x00007ffffcef0000 - 0x00007ffffcf01000 	C:\Windows\System32\kernel.appcore.dll
0x00007ffffcea0000 - 0x00007ffffceec000 	C:\Windows\System32\powrprof.dll
0x00007ffffce60000 - 0x00007ffffce75000 	C:\Windows\System32\profapi.dll
0x00007fffce6b0000 - 0x00007fffce6ca000 	D:\Teste\jre\jre\bin\net.dll
0x00007ffffc710000 - 0x00007ffffc76c000 	C:\Windows\system32\mswsock.dll
0x00007fffce690000 - 0x00007fffce6a1000 	D:\Teste\jre\jre\bin\nio.dll
0x00007ffff9d40000 - 0x00007ffff9d5e000 	C:\Users\gabri\.gradle\native\25\windows-amd64\native-platform.dll
0x00007ffff6590000 - 0x00007ffff659d000 	D:\Teste\jre\jre\bin\management.dll
0x00007ffffc8c0000 - 0x00007ffffc8d7000 	C:\Windows\SYSTEM32\CRYPTSP.dll
0x00007ffffc330000 - 0x00007ffffc364000 	C:\Windows\system32\rsaenh.dll
0x00007ffffcd30000 - 0x00007ffffcd55000 	C:\Windows\SYSTEM32\bcrypt.dll
0x00007ffffcd60000 - 0x00007ffffcd89000 	C:\Windows\SYSTEM32\USERENV.dll
0x00007ffffc8b0000 - 0x00007ffffc8bb000 	C:\Windows\SYSTEM32\CRYPTBASE.dll
0x00007ffffc4b0000 - 0x00007ffffc4e7000 	C:\Windows\SYSTEM32\IPHLPAPI.DLL
0x00007fffff800000 - 0x00007fffff808000 	C:\Windows\System32\NSI.dll
0x00007fffeff50000 - 0x00007fffeff66000 	C:\Windows\SYSTEM32\dhcpcsvc6.DLL
0x00007ffff2200000 - 0x00007ffff221a000 	C:\Windows\SYSTEM32\dhcpcsvc.DLL

VM Arguments:
jvm_args: -Xmx1536m -Dfile.encoding=windows-1252 -Duser.country=BR -Duser.language=pt -Duser.variant 
java_command: org.gradle.launcher.daemon.bootstrap.GradleDaemon 4.4
java_class_path (initial): C:\Users\gabri\.gradle\wrapper\dists\gradle-4.4-all\9br9xq1tocpiv8o6njlyu5op1\gradle-4.4\lib\gradle-launcher-4.4.jar
Launcher Type: SUN_STANDARD

Environment Variables:
PATH=C:\Program Files\Microsoft MPI\Bin\;C:\Program Files (x86)\Intel\TXE Components\TCS\;C:\Program Files\Intel\TXE Components\TCS\;C:\Windows\system32;C:\Windows;C:\Windows\System32\Wbem;C:\Windows\System32\WindowsPowerShell\v1.0\;C:\Program Files\Intel\TXE Components\DAL\;C:\Program Files (x86)\Intel\TXE Components\DAL\;C:\Program Files\Intel\TXE Components\IPT\;C:\Program Files (x86)\Intel\TXE Components\IPT\;C:\Program Files\dotnet\;C:\Program Files (x86)\Microsoft SQL Server\140\Tools\Binn\;C:\Program Files\Microsoft SQL Server\Client SDK\ODBC\130\Tools\Binn\;C:\Program Files (x86)\Microsoft SQL Server\140\DTS\Binn\;C:\Program Files (x86)\Microsoft SQL Server\Client SDK\ODBC\130\Tools\Binn\;C:\Program Files (x86)\Microsoft SQL Server\140\Tools\Binn\ManagementStudio\;C:\Program Files (x86)\Microsoft SQL Server\130\Tools\Binn\;C:\Program Files\Microsoft SQL Server\130\Tools\Binn\;C:\Program Files\Microsoft SQL Server\130\DTS\Binn\;C:\Users\gabri\AppData\Local\Microsoft\WindowsApps;
USERNAME=gabri
OS=Windows_NT
PROCESSOR_IDENTIFIER=Intel64 Family 6 Model 76 Stepping 4, GenuineIntel



---------------  S Y S T E M  ---------------

OS: Windows 10.0 , 64 bit Build 15063 (10.0.15063.296)

CPU:total 2 (initial active 2) (2 cores per cpu, 1 threads per core) family 6 model 76 stepping 4, cmov, cx8, fxsr, mmx, sse, sse2, sse3, ssse3, sse4.1, sse4.2, popcnt, aes, clmul, erms, 3dnowpref, tsc, tscinvbit

Memory: 4k page, physical 4043220k(774324k free), swap 5054736k(5944k free)

vm_info: OpenJDK 64-Bit Server VM (25.152-b02) for windows-amd64 JRE (1.8.0_152-release-1024-b02), built by "builder" with MS VC++ 10.0 (VS2010)

time: Wed Sep 19 14:11:36 2018
elapsed time: 4432 seconds (0d 1h 13m 52s)

