#
# There is insufficient memory for the Java Runtime Environment to continue.
# Native memory allocation (malloc) failed to allocate 193296 bytes for Chunk::new
# Possible reasons:
#   The system is out of physical RAM or swap space
#   In 32 bit mode, the process size limit was hit
# Possible solutions:
#   Reduce memory load on the system
#   Increase physical memory or swap space
#   Check if swap backing store is full
#   Use 64 bit Java on a 64 bit OS
#   Decrease Java heap size (-Xmx/-Xms)
#   Decrease number of Java threads
#   Decrease Java thread stack sizes (-Xss)
#   Set larger code cache with -XX:ReservedCodeCacheSize=
# This output file may be truncated or incomplete.
#
#  Out of Memory Error (allocation.cpp:390), pid=948, tid=0x0000000000000728
#
# JRE version: OpenJDK Runtime Environment (8.0_152-b02) (build 1.8.0_152-release-1024-b02)
# Java VM: OpenJDK 64-Bit Server VM (25.152-b02 mixed mode windows-amd64 compressed oops)
# Failed to write core dump. Minidumps are not enabled by default on client versions of Windows
#

---------------  T H R E A D  ---------------

Current thread (0x0000000015a44000):  JavaThread "C2 CompilerThread0" daemon [_thread_in_native, id=1832, stack(0x0000000016a80000,0x0000000016b80000)]

Stack: [0x0000000016a80000,0x0000000016b80000]
[error occurred during error reporting (printing stack bounds), id 0xc0000005]

Native frames: (J=compiled Java code, j=interpreted, Vv=VM code, C=native code)


Current CompileTask:
C2: 117034 8596       4       com.android.utils.XmlUtils::append (540 bytes)


---------------  P R O C E S S  ---------------

Java Threads: ( => current thread )
  0x000000001a03c000 JavaThread "stdout" daemon [_thread_in_native, id=7156, stack(0x0000000021be0000,0x0000000021ce0000)]
  0x000000001a03b000 JavaThread "stderr" daemon [_thread_in_native, id=6460, stack(0x0000000021ae0000,0x0000000021be0000)]
  0x000000001a039000 JavaThread "stderr" daemon [_thread_blocked, id=3056, stack(0x00000000218e0000,0x00000000219e0000)]
  0x000000001a037800 JavaThread "queued-resource-processor_2" daemon [_thread_in_native, id=6792, stack(0x00000000217e0000,0x00000000218e0000)]
  0x000000001a02e800 JavaThread "queued-resource-processor_1" daemon [_thread_in_native, id=4032, stack(0x00000000216e0000,0x00000000217e0000)]
  0x000000001a031800 JavaThread "Task worker for ':'" [_thread_blocked, id=1260, stack(0x00000000215e0000,0x00000000216e0000)]
  0x000000001a02d800 JavaThread "Cache worker for Build Output Cleanup Cache (D:\SegurSysMobile\.gradle\buildOutputCleanup)" [_thread_blocked, id=4264, stack(0x00000000214e0000,0x00000000215e0000)]
  0x000000001a02f000 JavaThread "Cache worker for task history cache (D:\SegurSysMobile\.gradle\4.4\taskHistory)" [_thread_blocked, id=540, stack(0x00000000213e0000,0x00000000214e0000)]
  0x000000001a02d000 JavaThread "build operations Thread 2" [_thread_blocked, id=2672, stack(0x00000000212e0000,0x00000000213e0000)]
  0x000000001a030800 JavaThread "build operations" [_thread_blocked, id=6408, stack(0x00000000211e0000,0x00000000212e0000)]
  0x000000001a030000 JavaThread "Cache worker for Artifact transforms cache (C:\Users\gabri\.gradle\caches\transforms-1)" [_thread_blocked, id=2520, stack(0x00000000210e0000,0x00000000211e0000)]
  0x000000001a032000 JavaThread "Cache worker for file hash cache (D:\SegurSysMobile\.gradle\4.4\fileHashes)" [_thread_blocked, id=6728, stack(0x0000000020fe0000,0x00000000210e0000)]
  0x000000001a033800 JavaThread "Stdin handler" [_thread_blocked, id=5224, stack(0x0000000020ee0000,0x0000000020fe0000)]
  0x000000001b697800 JavaThread "Asynchronous log dispatcher for DefaultDaemonConnection: socket connection from /127.0.0.1:49744 to /127.0.0.1:49750" [_thread_blocked, id=3368, stack(0x0000000020de0000,0x0000000020ee0000)]
  0x000000001b698000 JavaThread "Cancel handler" [_thread_blocked, id=3716, stack(0x0000000020ce0000,0x0000000020de0000)]
  0x000000001b696800 JavaThread "Handler for socket connection from /127.0.0.1:49744 to /127.0.0.1:49750" [_thread_in_native, id=1576, stack(0x0000000020be0000,0x0000000020ce0000)]
  0x000000001b695000 JavaThread "Memory manager" [_thread_blocked, id=5532, stack(0x000000001e660000,0x000000001e760000)]
  0x00000000177a2000 JavaThread "File lock request listener" [_thread_in_native, id=648, stack(0x000000001adb0000,0x000000001aeb0000)]
  0x000000001839d800 JavaThread "Cache worker for file hash cache (C:\Users\gabri\.gradle\caches\4.4\fileHashes)" [_thread_blocked, id=4688, stack(0x0000000019ce0000,0x0000000019de0000)]
  0x0000000017795000 JavaThread "Daemon worker" [_thread_blocked, id=1760, stack(0x00000000197e0000,0x00000000198e0000)]
  0x0000000017a53800 JavaThread "Daemon" [_thread_blocked, id=1764, stack(0x00000000192e0000,0x00000000193e0000)]
  0x000000001700f800 JavaThread "Daemon periodic checks" [_thread_blocked, id=5020, stack(0x00000000191e0000,0x00000000192e0000)]
  0x0000000016ff3800 JavaThread "Incoming local TCP Connector on port 49744" [_thread_in_native, id=1672, stack(0x0000000018f90000,0x0000000019090000)]
  0x0000000015aaa000 JavaThread "Service Thread" daemon [_thread_blocked, id=5772, stack(0x0000000016c80000,0x0000000016d80000)]
  0x0000000015aa5000 JavaThread "C1 CompilerThread1" daemon [_thread_blocked, id=1472, stack(0x0000000016b80000,0x0000000016c80000)]
=>0x0000000015a44000 JavaThread "C2 CompilerThread0" daemon [_thread_in_native, id=1832, stack(0x0000000016a80000,0x0000000016b80000)]
  0x0000000015a51000 JavaThread "Attach Listener" daemon [_thread_blocked, id=3060, stack(0x0000000016980000,0x0000000016a80000)]
  0x0000000015a4f800 JavaThread "Signal Dispatcher" daemon [_thread_blocked, id=6064, stack(0x0000000016880000,0x0000000016980000)]
  0x0000000015a2e800 JavaThread "Finalizer" daemon [_thread_blocked, id=3372, stack(0x0000000016680000,0x0000000016780000)]
  0x0000000015a04000 JavaThread "Reference Handler" daemon [_thread_blocked, id=3132, stack(0x0000000016580000,0x0000000016680000)]
  0x000000000061d800 JavaThread "main" [_thread_blocked, id=6932, stack(0x0000000002100000,0x0000000002200000)]

Other Threads:
  0x00000000159fd000 VMThread [stack: 0x0000000016480000,0x0000000016580000] [id=6232]
  0x0000000015aac800 WatcherThread [stack: 0x0000000016d80000,0x0000000016e80000] [id=4848]

VM state:not at safepoint (normal execution)

VM Mutex/Monitor currently owned by a thread: None

Heap:
 PSYoungGen      total 146944K, used 106635K [0x00000000e0000000, 0x00000000ea580000, 0x0000000100000000)
  eden space 128000K, 83% used [0x00000000e0000000,0x00000000e6822fb0,0x00000000e7d00000)
  from space 18944K, 0% used [0x00000000e9080000,0x00000000e9080000,0x00000000ea300000)
  to   space 19968K, 0% used [0x00000000e7d00000,0x00000000e7d00000,0x00000000e9080000)
 ParOldGen       total 61440K, used 43909K [0x00000000a0000000, 0x00000000a3c00000, 0x00000000e0000000)
  object space 61440K, 71% used [0x00000000a0000000,0x00000000a2ae15c8,0x00000000a3c00000)
 Metaspace       used 61531K, capacity 63712K, committed 63872K, reserved 1103872K
  class space    used 8254K, capacity 8813K, committed 8832K, reserved 1048576K

Card table byte_map: [0x00000000116c0000,0x00000000119d0000] byte_map_base: 0x00000000111c0000

Marking Bits: (ParMarkBitMap*) 0x0000000053494970
 Begin Bits: [0x0000000011dd0000, 0x00000000135d0000)
 End Bits:   [0x00000000135d0000, 0x0000000014dd0000)

Polling page: 0x0000000000600000

CodeCache: size=245760Kb used=24795Kb max_used=24806Kb free=220964Kb
 bounds [0x0000000002300000, 0x0000000003b60000, 0x0000000011300000]
 total_blobs=8164 nmethods=7389 adapters=688
 compilation: enabled

Compilation events (10 events):
Event: 116.260 Thread 0x0000000015a44000 nmethod 8591 0x0000000003b3d090 code [0x0000000003b3d1e0, 0x0000000003b3d5d8]
Event: 116.263 Thread 0x0000000015aa5000 8592       3       com.google.common.base.CharMatcher::countIn (39 bytes)
Event: 116.264 Thread 0x0000000015aa5000 nmethod 8592 0x0000000003b53510 code [0x0000000003b536a0, 0x0000000003b53b48]
Event: 116.265 Thread 0x0000000015a44000 8593       4       com.android.utils.XmlUtils$PositionAwareStringBuilder::append (69 bytes)
Event: 116.267 Thread 0x0000000015aa5000 8594       3       com.sun.org.apache.xerces.internal.dom.NamedNodeMapImpl::getLength (21 bytes)
Event: 116.267 Thread 0x0000000015aa5000 nmethod 8594 0x0000000003b3cbd0 code [0x0000000003b3cd40, 0x0000000003b3cfc8]
Event: 116.297 Thread 0x0000000015a44000 nmethod 8593 0x0000000003b52550 code [0x0000000003b526c0, 0x0000000003b52de8]
Event: 116.297 Thread 0x0000000015a44000 8595       4       com.android.utils.XmlUtils::toXmlTextValue (65 bytes)
Event: 116.336 Thread 0x0000000015a44000 nmethod 8595 0x0000000003b53cd0 code [0x0000000003b53e20, 0x0000000003b54038]
Event: 116.336 Thread 0x0000000015a44000 8596       4       com.android.utils.XmlUtils::append (540 bytes)

GC Heap History (10 events):
Event: 50.812 GC heap before
{Heap before GC invocations=15 (full 2):
 PSYoungGen      total 98304K, used 97936K [0x00000000e0000000, 0x00000000e6e00000, 0x0000000100000000)
  eden space 90112K, 100% used [0x00000000e0000000,0x00000000e5800000,0x00000000e5800000)
  from space 8192K, 95% used [0x00000000e6600000,0x00000000e6da42d0,0x00000000e6e00000)
  to   space 11264K, 0% used [0x00000000e5800000,0x00000000e5800000,0x00000000e6300000)
 ParOldGen       total 61440K, used 17543K [0x00000000a0000000, 0x00000000a3c00000, 0x00000000e0000000)
  object space 61440K, 28% used [0x00000000a0000000,0x00000000a1121e80,0x00000000a3c00000)
 Metaspace       used 48834K, capacity 50144K, committed 50304K, reserved 1093632K
  class space    used 6656K, capacity 7018K, committed 7040K, reserved 1048576K
Event: 50.861 GC heap after
Heap after GC invocations=15 (full 2):
 PSYoungGen      total 101376K, used 11262K [0x00000000e0000000, 0x00000000e8400000, 0x0000000100000000)
  eden space 90112K, 0% used [0x00000000e0000000,0x00000000e0000000,0x00000000e5800000)
  from space 11264K, 99% used [0x00000000e5800000,0x00000000e62ffaf8,0x00000000e6300000)
  to   space 14336K, 0% used [0x00000000e7600000,0x00000000e7600000,0x00000000e8400000)
 ParOldGen       total 61440K, used 21448K [0x00000000a0000000, 0x00000000a3c00000, 0x00000000e0000000)
  object space 61440K, 34% used [0x00000000a0000000,0x00000000a14f2370,0x00000000a3c00000)
 Metaspace       used 48834K, capacity 50144K, committed 50304K, reserved 1093632K
  class space    used 6656K, capacity 7018K, committed 7040K, reserved 1048576K
}
Event: 61.664 GC heap before
{Heap before GC invocations=16 (full 2):
 PSYoungGen      total 101376K, used 101374K [0x00000000e0000000, 0x00000000e8400000, 0x0000000100000000)
  eden space 90112K, 100% used [0x00000000e0000000,0x00000000e5800000,0x00000000e5800000)
  from space 11264K, 99% used [0x00000000e5800000,0x00000000e62ffaf8,0x00000000e6300000)
  to   space 14336K, 0% used [0x00000000e7600000,0x00000000e7600000,0x00000000e8400000)
 ParOldGen       total 61440K, used 21448K [0x00000000a0000000, 0x00000000a3c00000, 0x00000000e0000000)
  object space 61440K, 34% used [0x00000000a0000000,0x00000000a14f2370,0x00000000a3c00000)
 Metaspace       used 53885K, capacity 55548K, committed 55808K, reserved 1097728K
  class space    used 7453K, capacity 7896K, committed 7936K, reserved 1048576K
Event: 61.776 GC heap after
Heap after GC invocations=16 (full 2):
 PSYoungGen      total 116736K, used 14328K [0x00000000e0000000, 0x00000000e8c80000, 0x0000000100000000)
  eden space 102400K, 0% used [0x00000000e0000000,0x00000000e0000000,0x00000000e6400000)
  from space 14336K, 99% used [0x00000000e7600000,0x00000000e83fe308,0x00000000e8400000)
  to   space 18432K, 0% used [0x00000000e6400000,0x00000000e6400000,0x00000000e7600000)
 ParOldGen       total 61440K, used 26158K [0x00000000a0000000, 0x00000000a3c00000, 0x00000000e0000000)
  object space 61440K, 42% used [0x00000000a0000000,0x00000000a198bb58,0x00000000a3c00000)
 Metaspace       used 53885K, capacity 55548K, committed 55808K, reserved 1097728K
  class space    used 7453K, capacity 7896K, committed 7936K, reserved 1048576K
}
Event: 65.088 GC heap before
{Heap before GC invocations=17 (full 2):
 PSYoungGen      total 116736K, used 116728K [0x00000000e0000000, 0x00000000e8c80000, 0x0000000100000000)
  eden space 102400K, 100% used [0x00000000e0000000,0x00000000e6400000,0x00000000e6400000)
  from space 14336K, 99% used [0x00000000e7600000,0x00000000e83fe308,0x00000000e8400000)
  to   space 18432K, 0% used [0x00000000e6400000,0x00000000e6400000,0x00000000e7600000)
 ParOldGen       total 61440K, used 26158K [0x00000000a0000000, 0x00000000a3c00000, 0x00000000e0000000)
  object space 61440K, 42% used [0x00000000a0000000,0x00000000a198bb58,0x00000000a3c00000)
 Metaspace       used 55141K, capacity 56884K, committed 57088K, reserved 1097728K
  class space    used 7628K, capacity 8079K, committed 8192K, reserved 1048576K
Event: 65.193 GC heap after
Heap after GC invocations=17 (full 2):
 PSYoungGen      total 120832K, used 12188K [0x00000000e0000000, 0x00000000ea300000, 0x0000000100000000)
  eden space 102400K, 0% used [0x00000000e0000000,0x00000000e0000000,0x00000000e6400000)
  from space 18432K, 66% used [0x00000000e6400000,0x00000000e6fe7170,0x00000000e7600000)
  to   space 18944K, 0% used [0x00000000e9080000,0x00000000e9080000,0x00000000ea300000)
 ParOldGen       total 61440K, used 37552K [0x00000000a0000000, 0x00000000a3c00000, 0x00000000e0000000)
  object space 61440K, 61% used [0x00000000a0000000,0x00000000a24ac170,0x00000000a3c00000)
 Metaspace       used 55141K, capacity 56884K, committed 57088K, reserved 1097728K
  class space    used 7628K, capacity 8079K, committed 8192K, reserved 1048576K
}
Event: 76.751 GC heap before
{Heap before GC invocations=18 (full 2):
 PSYoungGen      total 120832K, used 68006K [0x00000000e0000000, 0x00000000ea300000, 0x0000000100000000)
  eden space 102400K, 54% used [0x00000000e0000000,0x00000000e36829f8,0x00000000e6400000)
  from space 18432K, 66% used [0x00000000e6400000,0x00000000e6fe7170,0x00000000e7600000)
  to   space 18944K, 0% used [0x00000000e9080000,0x00000000e9080000,0x00000000ea300000)
 ParOldGen       total 61440K, used 37552K [0x00000000a0000000, 0x00000000a3c00000, 0x00000000e0000000)
  object space 61440K, 61% used [0x00000000a0000000,0x00000000a24ac170,0x00000000a3c00000)
 Metaspace       used 56766K, capacity 58868K, committed 59028K, reserved 1099776K
  class space    used 7774K, capacity 8337K, committed 8448K, reserved 1048576K
Event: 76.942 GC heap after
Heap after GC invocations=18 (full 2):
 PSYoungGen      total 146944K, used 14196K [0x00000000e0000000, 0x00000000ea580000, 0x0000000100000000)
  eden space 128000K, 0% used [0x00000000e0000000,0x00000000e0000000,0x00000000e7d00000)
  from space 18944K, 74% used [0x00000000e9080000,0x00000000e9e5d190,0x00000000ea300000)
  to   space 19968K, 0% used [0x00000000e7d00000,0x00000000e7d00000,0x00000000e9080000)
 ParOldGen       total 61440K, used 37560K [0x00000000a0000000, 0x00000000a3c00000, 0x00000000e0000000)
  object space 61440K, 61% used [0x00000000a0000000,0x00000000a24ae170,0x00000000a3c00000)
 Metaspace       used 56766K, capacity 58868K, committed 59028K, reserved 1099776K
  class space    used 7774K, capacity 8337K, committed 8448K, reserved 1048576K
}
Event: 76.942 GC heap before
{Heap before GC invocations=19 (full 3):
 PSYoungGen      total 146944K, used 14196K [0x00000000e0000000, 0x00000000ea580000, 0x0000000100000000)
  eden space 128000K, 0% used [0x00000000e0000000,0x00000000e0000000,0x00000000e7d00000)
  from space 18944K, 74% used [0x00000000e9080000,0x00000000e9e5d190,0x00000000ea300000)
  to   space 19968K, 0% used [0x00000000e7d00000,0x00000000e7d00000,0x00000000e9080000)
 ParOldGen       total 61440K, used 37560K [0x00000000a0000000, 0x00000000a3c00000, 0x00000000e0000000)
  object space 61440K, 61% used [0x00000000a0000000,0x00000000a24ae170,0x00000000a3c00000)
 Metaspace       used 56766K, capacity 58868K, committed 59028K, reserved 1099776K
  class space    used 7774K, capacity 8337K, committed 8448K, reserved 1048576K
Event: 78.719 GC heap after
Heap after GC invocations=19 (full 3):
 PSYoungGen      total 146944K, used 0K [0x00000000e0000000, 0x00000000ea580000, 0x0000000100000000)
  eden space 128000K, 0% used [0x00000000e0000000,0x00000000e0000000,0x00000000e7d00000)
  from space 18944K, 0% used [0x00000000e9080000,0x00000000e9080000,0x00000000ea300000)
  to   space 19968K, 0% used [0x00000000e7d00000,0x00000000e7d00000,0x00000000e9080000)
 ParOldGen       total 61440K, used 43909K [0x00000000a0000000, 0x00000000a3c00000, 0x00000000e0000000)
  object space 61440K, 71% used [0x00000000a0000000,0x00000000a2ae15c8,0x00000000a3c00000)
 Metaspace       used 56766K, capacity 58868K, committed 59028K, reserved 1099776K
  class space    used 7774K, capacity 8337K, committed 8448K, reserved 1048576K
}

Deoptimization events (10 events):
Event: 114.569 Thread 0x000000001a031800 Uncommon trap: reason=class_check action=maybe_recompile pc=0x0000000003a38f34 method=com.sun.org.apache.xerces.internal.dom.NamedNodeMapImpl.findNamePoint(Ljava/lang/String;I)I @ 51
Event: 114.570 Thread 0x000000001a031800 Uncommon trap: reason=class_check action=maybe_recompile pc=0x0000000003a38f34 method=com.sun.org.apache.xerces.internal.dom.NamedNodeMapImpl.findNamePoint(Ljava/lang/String;I)I @ 51
Event: 114.719 Thread 0x000000001a031800 Uncommon trap: reason=class_check action=maybe_recompile pc=0x0000000003b05690 method=com.sun.org.apache.xerces.internal.dom.NamedNodeMapImpl.findNamePoint(Ljava/lang/String;I)I @ 54
Event: 114.720 Thread 0x000000001a031800 Uncommon trap: reason=class_check action=maybe_recompile pc=0x0000000003b05690 method=com.sun.org.apache.xerces.internal.dom.NamedNodeMapImpl.findNamePoint(Ljava/lang/String;I)I @ 54
Event: 114.983 Thread 0x000000001a031800 Uncommon trap: reason=bimorphic action=maybe_recompile pc=0x0000000003b10ddc method=com.sun.org.apache.xerces.internal.dom.AttributeMap.setNamedItem(Lorg/w3c/dom/Node;)Lorg/w3c/dom/Node; @ 4
Event: 115.043 Thread 0x000000001a031800 Uncommon trap: reason=bimorphic action=maybe_recompile pc=0x0000000003b10ddc method=com.sun.org.apache.xerces.internal.dom.AttributeMap.setNamedItem(Lorg/w3c/dom/Node;)Lorg/w3c/dom/Node; @ 4
Event: 115.043 Thread 0x000000001a031800 Uncommon trap: reason=bimorphic action=maybe_recompile pc=0x0000000003b10ddc method=com.sun.org.apache.xerces.internal.dom.AttributeMap.setNamedItem(Lorg/w3c/dom/Node;)Lorg/w3c/dom/Node; @ 4
Event: 115.054 Thread 0x000000001a031800 Uncommon trap: reason=bimorphic action=maybe_recompile pc=0x0000000003b10ddc method=com.sun.org.apache.xerces.internal.dom.AttributeMap.setNamedItem(Lorg/w3c/dom/Node;)Lorg/w3c/dom/Node; @ 4
Event: 115.229 Thread 0x000000001a031800 Uncommon trap: reason=null_check action=make_not_entrant pc=0x0000000003b31190 method=com.android.ide.common.res2.NodeUtils.processSingleNodeNamespace(Lorg/w3c/dom/Node;Lorg/w3c/dom/Document;)Z @ 8
Event: 116.266 Thread 0x000000001a031800 Uncommon trap: reason=unstable_if action=reinterpret pc=0x0000000003b12cd4 method=com.sun.org.apache.xerces.internal.dom.NamedNodeMapImpl.getLength()I @ 4

Classes redefined (0 events):
No events

Internal exceptions (10 events):
Event: 92.075 Thread 0x0000000017795000 Exception <a 'sun/nio/fs/WindowsException'> (0x00000000e1886c38) thrown at [D:\src\AOSP-openjdk-cygwin\jdk8u\hotspot\src\share\vm\prims\jni.cpp, line 709]
Event: 94.220 Thread 0x0000000017795000 Exception <a 'java/lang/NoSuchMethodError': <clinit>> (0x00000000e2518e90) thrown at [D:\src\AOSP-openjdk-cygwin\jdk8u\hotspot\src\share\vm\prims\jni.cpp, line 1613]
Event: 94.224 Thread 0x0000000017795000 Exception <a 'java/lang/NoSuchMethodError': <clinit>> (0x00000000e2527a08) thrown at [D:\src\AOSP-openjdk-cygwin\jdk8u\hotspot\src\share\vm\prims\jni.cpp, line 1613]
Event: 94.253 Thread 0x0000000017795000 Exception <a 'java/lang/NoSuchMethodError': <clinit>> (0x00000000e25a7338) thrown at [D:\src\AOSP-openjdk-cygwin\jdk8u\hotspot\src\share\vm\prims\jni.cpp, line 1613]
Event: 94.260 Thread 0x0000000017795000 Exception <a 'java/lang/NoSuchMethodError': <clinit>> (0x00000000e261e800) thrown at [D:\src\AOSP-openjdk-cygwin\jdk8u\hotspot\src\share\vm\prims\jni.cpp, line 1613]
Event: 94.261 Thread 0x0000000017795000 Exception <a 'java/lang/NoSuchMethodError': <clinit>> (0x00000000e2620668) thrown at [D:\src\AOSP-openjdk-cygwin\jdk8u\hotspot\src\share\vm\prims\jni.cpp, line 1613]
Event: 98.928 Thread 0x000000001a031800 Exception <a 'java/lang/NoSuchMethodError': <clinit>> (0x00000000e37999b0) thrown at [D:\src\AOSP-openjdk-cygwin\jdk8u\hotspot\src\share\vm\prims\jni.cpp, line 1613]
Event: 98.931 Thread 0x000000001a031800 Exception <a 'java/lang/NoSuchMethodError': <clinit>> (0x00000000e37a33b0) thrown at [D:\src\AOSP-openjdk-cygwin\jdk8u\hotspot\src\share\vm\prims\jni.cpp, line 1613]
Event: 115.229 Thread 0x000000001a031800 Implicit null exception at 0x0000000003b30c5b to 0x0000000003b31181
Event: 116.266 Thread 0x000000001a031800 Implicit null exception at 0x0000000003b12c90 to 0x0000000003b12cc1

Events (10 events):
Event: 115.054 Thread 0x000000001a031800 DEOPT PACKING pc=0x0000000003b10ddc sp=0x00000000216dd260
Event: 115.054 Thread 0x000000001a031800 DEOPT UNPACKING pc=0x000000000234557b sp=0x00000000216dd248 mode 2
Event: 115.229 Thread 0x000000001a031800 Uncommon trap: trap_request=0xfffffff4 fr.pc=0x0000000003b31190
Event: 115.229 Thread 0x000000001a031800 DEOPT PACKING pc=0x0000000003b31190 sp=0x00000000216dd350
Event: 115.229 Thread 0x000000001a031800 DEOPT UNPACKING pc=0x000000000234557b sp=0x00000000216dd300 mode 2
Event: 116.018 loading class com/android/utils/XmlUtils$PositionAwareStringBuilder
Event: 116.018 loading class com/android/utils/XmlUtils$PositionAwareStringBuilder done
Event: 116.266 Thread 0x000000001a031800 Uncommon trap: trap_request=0xffffff65 fr.pc=0x0000000003b12cd4
Event: 116.266 Thread 0x000000001a031800 DEOPT PACKING pc=0x0000000003b12cd4 sp=0x00000000216dcd20
Event: 116.266 Thread 0x000000001a031800 DEOPT UNPACKING pc=0x000000000234557b sp=0x00000000216dccc0 mode 2


Dynamic libraries:
0x00007ff695240000 - 0x00007ff695271000 	D:\Teste\jre\bin\java.exe
0x00007ffb0c450000 - 0x00007ffb0c62b000 	C:\Windows\SYSTEM32\ntdll.dll
0x00007ffb0acc0000 - 0x00007ffb0ad6e000 	C:\Windows\System32\KERNEL32.DLL
0x00007ffb09240000 - 0x00007ffb09489000 	C:\Windows\System32\KERNELBASE.dll
0x00007ffb0a530000 - 0x00007ffb0a5d1000 	C:\Windows\System32\ADVAPI32.dll
0x00007ffb0a340000 - 0x00007ffb0a3dd000 	C:\Windows\System32\msvcrt.dll
0x00007ffb0a790000 - 0x00007ffb0a7e9000 	C:\Windows\System32\sechost.dll
0x00007ffb0a210000 - 0x00007ffb0a335000 	C:\Windows\System32\RPCRT4.dll
0x00007ffb09fb0000 - 0x00007ffb0a0fa000 	C:\Windows\System32\USER32.dll
0x00007ffb09530000 - 0x00007ffb0954e000 	C:\Windows\System32\win32u.dll
0x00007ffb0ac90000 - 0x00007ffb0acb7000 	C:\Windows\System32\GDI32.dll
0x00007ffb09700000 - 0x00007ffb09888000 	C:\Windows\System32\gdi32full.dll
0x00007ffb09490000 - 0x00007ffb0952a000 	C:\Windows\System32\msvcp_win.dll
0x00007ffb09600000 - 0x00007ffb096f6000 	C:\Windows\System32\ucrtbase.dll
0x00007ffafddf0000 - 0x00007ffafe057000 	C:\Windows\WinSxS\amd64_microsoft.windows.common-controls_6595b64144ccf1df_6.0.15063.0_none_108e4f62dfe5d999\COMCTL32.dll
0x00007ffb09ab0000 - 0x00007ffb09da9000 	C:\Windows\System32\combase.dll
0x00007ffb09940000 - 0x00007ffb099aa000 	C:\Windows\System32\bcryptPrimitives.dll
0x00007ffb0a760000 - 0x00007ffb0a78d000 	C:\Windows\System32\IMM32.DLL
0x0000000053d20000 - 0x0000000053df2000 	D:\Teste\jre\jre\bin\msvcr100.dll
0x0000000052cd0000 - 0x000000005350f000 	D:\Teste\jre\jre\bin\server\jvm.dll
0x00007ffb09aa0000 - 0x00007ffb09aa8000 	C:\Windows\System32\PSAPI.DLL
0x00007ffb02110000 - 0x00007ffb02119000 	C:\Windows\SYSTEM32\WSOCK32.dll
0x00007ffb06d90000 - 0x00007ffb06db3000 	C:\Windows\SYSTEM32\WINMM.dll
0x00007ffb0aef0000 - 0x00007ffb0af5c000 	C:\Windows\System32\WS2_32.dll
0x00007ffaf9530000 - 0x00007ffaf953a000 	C:\Windows\SYSTEM32\VERSION.dll
0x00007ffb06d30000 - 0x00007ffb06d5b000 	C:\Windows\SYSTEM32\WINMMBASE.dll
0x00007ffb09550000 - 0x00007ffb09599000 	C:\Windows\System32\cfgmgr32.dll
0x00007ffb01c10000 - 0x00007ffb01c1f000 	D:\Teste\jre\jre\bin\verify.dll
0x00007ffb01be0000 - 0x00007ffb01c09000 	D:\Teste\jre\jre\bin\java.dll
0x00007ffb01bc0000 - 0x00007ffb01bd6000 	D:\Teste\jre\jre\bin\zip.dll
0x00007ffb0b010000 - 0x00007ffb0c447000 	C:\Windows\System32\SHELL32.dll
0x00007ffb0af60000 - 0x00007ffb0b00a000 	C:\Windows\System32\shcore.dll
0x00007ffb08b40000 - 0x00007ffb09232000 	C:\Windows\System32\windows.storage.dll
0x00007ffb09db0000 - 0x00007ffb09e01000 	C:\Windows\System32\shlwapi.dll
0x00007ffb08930000 - 0x00007ffb08941000 	C:\Windows\System32\kernel.appcore.dll
0x00007ffb088e0000 - 0x00007ffb0892c000 	C:\Windows\System32\powrprof.dll
0x00007ffb088c0000 - 0x00007ffb088d5000 	C:\Windows\System32\profapi.dll
0x00007ffb01ba0000 - 0x00007ffb01bba000 	D:\Teste\jre\jre\bin\net.dll
0x00007ffb08170000 - 0x00007ffb081cc000 	C:\Windows\system32\mswsock.dll
0x00007ffadcc30000 - 0x00007ffadcc41000 	D:\Teste\jre\jre\bin\nio.dll
0x00007ffb057c0000 - 0x00007ffb057de000 	C:\Users\gabri\.gradle\native\25\windows-amd64\native-platform.dll
0x00007ffafda70000 - 0x00007ffafda7d000 	D:\Teste\jre\jre\bin\management.dll
0x00007ffb08310000 - 0x00007ffb08327000 	C:\Windows\SYSTEM32\CRYPTSP.dll
0x00007ffb07d90000 - 0x00007ffb07dc4000 	C:\Windows\system32\rsaenh.dll
0x00007ffb08790000 - 0x00007ffb087b5000 	C:\Windows\SYSTEM32\bcrypt.dll
0x00007ffb087c0000 - 0x00007ffb087e9000 	C:\Windows\SYSTEM32\USERENV.dll
0x00007ffb08330000 - 0x00007ffb0833b000 	C:\Windows\SYSTEM32\CRYPTBASE.dll
0x00007ffb07f10000 - 0x00007ffb07f47000 	C:\Windows\SYSTEM32\IPHLPAPI.DLL
0x00007ffb09a90000 - 0x00007ffb09a98000 	C:\Windows\System32\NSI.dll
0x00007ffafd5d0000 - 0x00007ffafd5e6000 	C:\Windows\SYSTEM32\dhcpcsvc6.DLL
0x00007ffafe320000 - 0x00007ffafe33a000 	C:\Windows\SYSTEM32\dhcpcsvc.DLL

VM Arguments:
jvm_args: -Xmx1536m -Dfile.encoding=windows-1252 -Duser.country=BR -Duser.language=pt -Duser.variant 
java_command: org.gradle.launcher.daemon.bootstrap.GradleDaemon 4.4
java_class_path (initial): C:\Users\gabri\.gradle\wrapper\dists\gradle-4.4-all\9br9xq1tocpiv8o6njlyu5op1\gradle-4.4\lib\gradle-launcher-4.4.jar
Launcher Type: SUN_STANDARD

Environment Variables:
PATH=C:\Program Files\Microsoft MPI\Bin\;C:\Program Files (x86)\Intel\TXE Components\TCS\;C:\Program Files\Intel\TXE Components\TCS\;C:\Windows\system32;C:\Windows;C:\Windows\System32\Wbem;C:\Windows\System32\WindowsPowerShell\v1.0\;C:\Program Files\Intel\TXE Components\DAL\;C:\Program Files (x86)\Intel\TXE Components\DAL\;C:\Program Files\Intel\TXE Components\IPT\;C:\Program Files (x86)\Intel\TXE Components\IPT\;C:\Program Files\dotnet\;C:\Program Files (x86)\Microsoft SQL Server\140\Tools\Binn\;C:\Program Files\Microsoft SQL Server\Client SDK\ODBC\130\Tools\Binn\;C:\Program Files (x86)\Microsoft SQL Server\140\DTS\Binn\;C:\Program Files (x86)\Microsoft SQL Server\Client SDK\ODBC\130\Tools\Binn\;C:\Program Files (x86)\Microsoft SQL Server\140\Tools\Binn\ManagementStudio\;C:\Program Files (x86)\Microsoft SQL Server\130\Tools\Binn\;C:\Program Files\Microsoft SQL Server\130\Tools\Binn\;C:\Program Files\Microsoft SQL Server\130\DTS\Binn\;C:\Users\gabri\AppData\Local\Microsoft\WindowsApps;
USERNAME=gabri
OS=Windows_NT
PROCESSOR_IDENTIFIER=Intel64 Family 6 Model 76 Stepping 4, GenuineIntel



---------------  S Y S T E M  ---------------

OS: Windows 10.0 , 64 bit Build 15063 (10.0.15063.296)

CPU:total 2 (initial active 2) (2 cores per cpu, 1 threads per core) family 6 model 76 stepping 4, cmov, cx8, fxsr, mmx, sse, sse2, sse3, ssse3, sse4.1, sse4.2, popcnt, aes, clmul, erms, 3dnowpref, tsc, tscinvbit

Memory: 4k page, physical 4043220k(570968k free), swap 4933260k(34152k free)

vm_info: OpenJDK 64-Bit Server VM (25.152-b02) for windows-amd64 JRE (1.8.0_152-release-1024-b02), built by "builder" with MS VC++ 10.0 (VS2010)

time: Wed Sep 19 20:04:23 2018
elapsed time: 116 seconds (0d 0h 1m 56s)

