#
# There is insufficient memory for the Java Runtime Environment to continue.
# Native memory allocation (malloc) failed to allocate 32744 bytes for ChunkPool::allocate
# Possible reasons:
#   The system is out of physical RAM or swap space
#   In 32 bit mode, the process size limit was hit
# Possible solutions:
#   Reduce memory load on the system
#   Increase physical memory or swap space
#   Check if swap backing store is full
#   Use 64 bit Java on a 64 bit OS
#   Decrease Java heap size (-Xmx/-Xms)
#   Decrease number of Java threads
#   Decrease Java thread stack sizes (-Xss)
#   Set larger code cache with -XX:ReservedCodeCacheSize=
# This output file may be truncated or incomplete.
#
#  Out of Memory Error (allocation.cpp:273), pid=4484, tid=0x0000000000000670
#
# JRE version: OpenJDK Runtime Environment (8.0_152-b02) (build 1.8.0_152-release-1024-b02)
# Java VM: OpenJDK 64-Bit Server VM (25.152-b02 mixed mode windows-amd64 compressed oops)
# Failed to write core dump. Minidumps are not enabled by default on client versions of Windows
#

---------------  T H R E A D  ---------------

Current thread (0x0000000016718800):  JavaThread "C2 CompilerThread0" daemon [_thread_in_native, id=1648, stack(0x0000000017750000,0x0000000017850000)]

Stack: [0x0000000017750000,0x0000000017850000]
[error occurred during error reporting (printing stack bounds), id 0xc0000005]

Native frames: (J=compiled Java code, j=interpreted, Vv=VM code, C=native code)


Current CompileTask:
C2: 661710 8929       4       org.gradle.model.internal.type.ModelType::wrap (219 bytes)


---------------  P R O C E S S  ---------------

Java Threads: ( => current thread )
  0x000000001b4bb800 JavaThread "build operations Thread 2" [_thread_blocked, id=7084, stack(0x0000000022c90000,0x0000000022d90000)]
  0x000000001b4b9000 JavaThread "build operations" [_thread_blocked, id=4140, stack(0x0000000022b90000,0x0000000022c90000)]
  0x000000001b4b5800 JavaThread "Cache worker for Artifact transforms cache (C:\Users\gabri\.gradle\caches\transforms-1)" [_thread_blocked, id=5744, stack(0x0000000022a90000,0x0000000022b90000)]
  0x000000001b4ba000 JavaThread "Cache worker for file hash cache (D:\SegurSysMobile\.gradle\4.4\fileHashes)" [_thread_blocked, id=1904, stack(0x0000000022990000,0x0000000022a90000)]
  0x000000001b4ad800 JavaThread "Stdin handler" [_thread_blocked, id=6016, stack(0x0000000022890000,0x0000000022990000)]
  0x000000001b4b0800 JavaThread "Asynchronous log dispatcher for DefaultDaemonConnection: socket connection from /127.0.0.1:49715 to /127.0.0.1:49739" [_thread_blocked, id=2480, stack(0x0000000022790000,0x0000000022890000)]
  0x000000001b4af000 JavaThread "Cancel handler" [_thread_blocked, id=3288, stack(0x0000000022690000,0x0000000022790000)]
  0x000000001b4b3000 JavaThread "Handler for socket connection from /127.0.0.1:49715 to /127.0.0.1:49739" [_thread_in_native, id=4552, stack(0x0000000022590000,0x0000000022690000)]
  0x000000001b4b1800 JavaThread "Daemon worker Thread 2" [_thread_in_vm, id=4204, stack(0x0000000021e90000,0x0000000021f90000)]
  0x000000001b4b2800 JavaThread "Daemon Thread 2" [_thread_blocked, id=3936, stack(0x0000000021b90000,0x0000000021c90000)]
  0x000000001aedc800 JavaThread "Memory manager" [_thread_blocked, id=6312, stack(0x000000001e380000,0x000000001e480000)]
  0x0000000018f17800 JavaThread "File lock request listener" [_thread_in_native, id=1588, stack(0x000000001aab0000,0x000000001abb0000)]
  0x0000000018d03800 JavaThread "Cache worker for file hash cache (C:\Users\gabri\.gradle\caches\4.4\fileHashes)" [_thread_blocked, id=4088, stack(0x000000001a9b0000,0x000000001aab0000)]
  0x0000000018237800 JavaThread "Daemon periodic checks" [_thread_blocked, id=1768, stack(0x0000000019eb0000,0x0000000019fb0000)]
  0x0000000018dc0000 JavaThread "Incoming local TCP Connector on port 49715" [_thread_in_native, id=1772, stack(0x0000000019c60000,0x0000000019d60000)]
  0x000000001677a000 JavaThread "Service Thread" daemon [_thread_blocked, id=5068, stack(0x0000000017950000,0x0000000017a50000)]
  0x0000000016774800 JavaThread "C1 CompilerThread1" daemon [_thread_in_native, id=2136, stack(0x0000000017850000,0x0000000017950000)]
=>0x0000000016718800 JavaThread "C2 CompilerThread0" daemon [_thread_in_native, id=1648, stack(0x0000000017750000,0x0000000017850000)]
  0x0000000016717000 JavaThread "Attach Listener" daemon [_thread_blocked, id=6100, stack(0x0000000017650000,0x0000000017750000)]
  0x0000000016713800 JavaThread "Signal Dispatcher" daemon [_thread_blocked, id=3448, stack(0x0000000017550000,0x0000000017650000)]
  0x00000000166f8800 JavaThread "Finalizer" daemon [_thread_blocked, id=5592, stack(0x0000000017350000,0x0000000017450000)]
  0x00000000166d4000 JavaThread "Reference Handler" daemon [_thread_blocked, id=4180, stack(0x0000000017250000,0x0000000017350000)]
  0x0000000002eed800 JavaThread "main" [_thread_blocked, id=3584, stack(0x0000000002d90000,0x0000000002e90000)]

Other Threads:
  0x00000000166cd000 VMThread [stack: 0x0000000017150000,0x0000000017250000] [id=6128]
  0x000000001677c800 WatcherThread [stack: 0x0000000017a50000,0x0000000017b50000] [id=4600]

VM state:not at safepoint (normal execution)

VM Mutex/Monitor currently owned by a thread: None

Heap:
 PSYoungGen      total 163328K, used 125858K [0x00000000e0000000, 0x00000000eb080000, 0x0000000100000000)
  eden space 145920K, 74% used [0x00000000e0000000,0x00000000e69ea9f0,0x00000000e8e80000)
  from space 17408K, 99% used [0x00000000e8e80000,0x00000000e9f7dec0,0x00000000e9f80000)
  to   space 14848K, 0% used [0x00000000ea200000,0x00000000ea200000,0x00000000eb080000)
 ParOldGen       total 88064K, used 31497K [0x00000000a0000000, 0x00000000a5600000, 0x00000000e0000000)
  object space 88064K, 35% used [0x00000000a0000000,0x00000000a1ec2428,0x00000000a5600000)
 Metaspace       used 64398K, capacity 66900K, committed 67072K, reserved 1107968K
  class space    used 8533K, capacity 9167K, committed 9216K, reserved 1048576K

Card table byte_map: [0x00000000123b0000,0x00000000126c0000] byte_map_base: 0x0000000011eb0000

Marking Bits: (ParMarkBitMap*) 0x0000000053494970
 Begin Bits: [0x0000000012ac0000, 0x00000000142c0000)
 End Bits:   [0x00000000142c0000, 0x0000000015ac0000)

Polling page: 0x0000000001210000

CodeCache: size=245760Kb used=26527Kb max_used=26527Kb free=219233Kb
 bounds [0x0000000002ff0000, 0x0000000004a00000, 0x0000000011ff0000]
 total_blobs=8639 nmethods=7859 adapters=693
 compilation: enabled

Compilation events (10 events):
Event: 661.265 Thread 0x0000000016774800 9055       2       com.android.build.gradle.internal.pipeline.OriginalStream::<init> (19 bytes)
Event: 661.266 Thread 0x0000000016774800 nmethod 9055 0x00000000049f3a50 code [0x00000000049f3bc0, 0x00000000049f3ec8]
Event: 661.266 Thread 0x0000000016774800 9056       2       org.gradle.api.internal.tasks.DefaultTaskContainer$TaskInstantiator::create (56 bytes)
Event: 661.267 Thread 0x0000000016774800 nmethod 9056 0x00000000049f40d0 code [0x00000000049f42e0, 0x00000000049f4898]
Event: 661.271 Thread 0x0000000016774800 9057       2       org.gradle.api.internal.tasks.execution.SelfDescribingSpec::<init> (15 bytes)
Event: 661.271 Thread 0x0000000016774800 nmethod 9057 0x00000000049f4c90 code [0x00000000049f4de0, 0x00000000049f4f50]
Event: 661.319 Thread 0x0000000016774800 9058   !   2       com.sun.proxy.$Proxy49::annotationType (29 bytes)
Event: 661.320 Thread 0x0000000016774800 nmethod 9058 0x00000000049f4fd0 code [0x00000000049f5160, 0x00000000049f5418]
Event: 661.323 Thread 0x0000000016774800 9059       2       com.android.build.gradle.internal.scope.TaskOutputHolderImpl::getOutput (29 bytes)
Event: 661.324 Thread 0x0000000016774800 nmethod 9059 0x00000000049f5590 code [0x00000000049f5700, 0x00000000049f5978]

GC Heap History (10 events):
Event: 29.562 GC heap before
{Heap before GC invocations=12 (full 2):
 PSYoungGen      total 130048K, used 121344K [0x00000000e0000000, 0x00000000e9080000, 0x0000000100000000)
  eden space 121344K, 100% used [0x00000000e0000000,0x00000000e7680000,0x00000000e7680000)
  from space 8704K, 0% used [0x00000000e7680000,0x00000000e7680000,0x00000000e7f00000)
  to   space 11776K, 0% used [0x00000000e8500000,0x00000000e8500000,0x00000000e9080000)
 ParOldGen       total 60928K, used 19294K [0x00000000a0000000, 0x00000000a3b80000, 0x00000000e0000000)
  object space 60928K, 31% used [0x00000000a0000000,0x00000000a12d7ac8,0x00000000a3b80000)
 Metaspace       used 42610K, capacity 43550K, committed 43776K, reserved 1087488K
  class space    used 5857K, capacity 6134K, committed 6144K, reserved 1048576K
Event: 29.606 GC heap after
Heap after GC invocations=12 (full 2):
 PSYoungGen      total 134144K, used 11749K [0x00000000e0000000, 0x00000000eaf80000, 0x0000000100000000)
  eden space 122368K, 0% used [0x00000000e0000000,0x00000000e0000000,0x00000000e7780000)
  from space 11776K, 99% used [0x00000000e8500000,0x00000000e9079630,0x00000000e9080000)
  to   space 13824K, 0% used [0x00000000e7780000,0x00000000e7780000,0x00000000e8500000)
 ParOldGen       total 60928K, used 20955K [0x00000000a0000000, 0x00000000a3b80000, 0x00000000e0000000)
  object space 60928K, 34% used [0x00000000a0000000,0x00000000a1476f28,0x00000000a3b80000)
 Metaspace       used 42610K, capacity 43550K, committed 43776K, reserved 1087488K
  class space    used 5857K, capacity 6134K, committed 6144K, reserved 1048576K
}
Event: 44.361 GC heap before
{Heap before GC invocations=13 (full 2):
 PSYoungGen      total 134144K, used 134117K [0x00000000e0000000, 0x00000000eaf80000, 0x0000000100000000)
  eden space 122368K, 100% used [0x00000000e0000000,0x00000000e7780000,0x00000000e7780000)
  from space 11776K, 99% used [0x00000000e8500000,0x00000000e9079630,0x00000000e9080000)
  to   space 13824K, 0% used [0x00000000e7780000,0x00000000e7780000,0x00000000e8500000)
 ParOldGen       total 60928K, used 20955K [0x00000000a0000000, 0x00000000a3b80000, 0x00000000e0000000)
  object space 60928K, 34% used [0x00000000a0000000,0x00000000a1476f28,0x00000000a3b80000)
 Metaspace       used 52725K, capacity 54242K, committed 54528K, reserved 1095680K
  class space    used 7195K, capacity 7558K, committed 7680K, reserved 1048576K
Event: 44.437 GC heap after
Heap after GC invocations=13 (full 2):
 PSYoungGen      total 136192K, used 12550K [0x00000000e0000000, 0x00000000eb100000, 0x0000000100000000)
  eden space 122368K, 0% used [0x00000000e0000000,0x00000000e0000000,0x00000000e7780000)
  from space 13824K, 90% used [0x00000000e7780000,0x00000000e83c18b8,0x00000000e8500000)
  to   space 15360K, 0% used [0x00000000ea200000,0x00000000ea200000,0x00000000eb100000)
 ParOldGen       total 60928K, used 28932K [0x00000000a0000000, 0x00000000a3b80000, 0x00000000e0000000)
  object space 60928K, 47% used [0x00000000a0000000,0x00000000a1c41298,0x00000000a3b80000)
 Metaspace       used 52725K, capacity 54242K, committed 54528K, reserved 1095680K
  class space    used 7195K, capacity 7558K, committed 7680K, reserved 1048576K
}
Event: 621.279 GC heap before
{Heap before GC invocations=14 (full 2):
 PSYoungGen      total 136192K, used 102378K [0x00000000e0000000, 0x00000000eb100000, 0x0000000100000000)
  eden space 122368K, 73% used [0x00000000e0000000,0x00000000e57b8f60,0x00000000e7780000)
  from space 13824K, 90% used [0x00000000e7780000,0x00000000e83c18b8,0x00000000e8500000)
  to   space 15360K, 0% used [0x00000000ea200000,0x00000000ea200000,0x00000000eb100000)
 ParOldGen       total 60928K, used 28932K [0x00000000a0000000, 0x00000000a3b80000, 0x00000000e0000000)
  object space 60928K, 47% used [0x00000000a0000000,0x00000000a1c41298,0x00000000a3b80000)
 Metaspace       used 57091K, capacity 58870K, committed 59028K, reserved 1099776K
  class space    used 7655K, capacity 8070K, committed 8192K, reserved 1048576K
Event: 621.363 GC heap after
Heap after GC invocations=14 (full 2):
 PSYoungGen      total 160768K, used 14065K [0x00000000e0000000, 0x00000000eb080000, 0x0000000100000000)
  eden space 145920K, 0% used [0x00000000e0000000,0x00000000e0000000,0x00000000e8e80000)
  from space 14848K, 94% used [0x00000000ea200000,0x00000000eafbc528,0x00000000eb080000)
  to   space 17408K, 0% used [0x00000000e8e80000,0x00000000e8e80000,0x00000000e9f80000)
 ParOldGen       total 60928K, used 28932K [0x00000000a0000000, 0x00000000a3b80000, 0x00000000e0000000)
  object space 60928K, 47% used [0x00000000a0000000,0x00000000a1c41298,0x00000000a3b80000)
 Metaspace       used 57091K, capacity 58870K, committed 59028K, reserved 1099776K
  class space    used 7655K, capacity 8070K, committed 8192K, reserved 1048576K
}
Event: 621.363 GC heap before
{Heap before GC invocations=15 (full 3):
 PSYoungGen      total 160768K, used 14065K [0x00000000e0000000, 0x00000000eb080000, 0x0000000100000000)
  eden space 145920K, 0% used [0x00000000e0000000,0x00000000e0000000,0x00000000e8e80000)
  from space 14848K, 94% used [0x00000000ea200000,0x00000000eafbc528,0x00000000eb080000)
  to   space 17408K, 0% used [0x00000000e8e80000,0x00000000e8e80000,0x00000000e9f80000)
 ParOldGen       total 60928K, used 28932K [0x00000000a0000000, 0x00000000a3b80000, 0x00000000e0000000)
  object space 60928K, 47% used [0x00000000a0000000,0x00000000a1c41298,0x00000000a3b80000)
 Metaspace       used 57091K, capacity 58870K, committed 59028K, reserved 1099776K
  class space    used 7655K, capacity 8070K, committed 8192K, reserved 1048576K
Event: 622.156 GC heap after
Heap after GC invocations=15 (full 3):
 PSYoungGen      total 160768K, used 0K [0x00000000e0000000, 0x00000000eb080000, 0x0000000100000000)
  eden space 145920K, 0% used [0x00000000e0000000,0x00000000e0000000,0x00000000e8e80000)
  from space 14848K, 0% used [0x00000000ea200000,0x00000000ea200000,0x00000000eb080000)
  to   space 17408K, 0% used [0x00000000e8e80000,0x00000000e8e80000,0x00000000e9f80000)
 ParOldGen       total 88064K, used 31071K [0x00000000a0000000, 0x00000000a5600000, 0x00000000e0000000)
  object space 88064K, 35% used [0x00000000a0000000,0x00000000a1e57d48,0x00000000a5600000)
 Metaspace       used 57091K, capacity 58870K, committed 59028K, reserved 1099776K
  class space    used 7655K, capacity 8070K, committed 8192K, reserved 1048576K
}
Event: 636.959 GC heap before
{Heap before GC invocations=16 (full 3):
 PSYoungGen      total 160768K, used 145920K [0x00000000e0000000, 0x00000000eb080000, 0x0000000100000000)
  eden space 145920K, 100% used [0x00000000e0000000,0x00000000e8e80000,0x00000000e8e80000)
  from space 14848K, 0% used [0x00000000ea200000,0x00000000ea200000,0x00000000eb080000)
  to   space 17408K, 0% used [0x00000000e8e80000,0x00000000e8e80000,0x00000000e9f80000)
 ParOldGen       total 88064K, used 31071K [0x00000000a0000000, 0x00000000a5600000, 0x00000000e0000000)
  object space 88064K, 35% used [0x00000000a0000000,0x00000000a1e57d48,0x00000000a5600000)
 Metaspace       used 62737K, capacity 64990K, committed 65280K, reserved 1105920K
  class space    used 8330K, capacity 8898K, committed 8960K, reserved 1048576K
Event: 637.023 GC heap after
Heap after GC invocations=16 (full 3):
 PSYoungGen      total 163328K, used 17399K [0x00000000e0000000, 0x00000000eb080000, 0x0000000100000000)
  eden space 145920K, 0% used [0x00000000e0000000,0x00000000e0000000,0x00000000e8e80000)
  from space 17408K, 99% used [0x00000000e8e80000,0x00000000e9f7dec0,0x00000000e9f80000)
  to   space 14848K, 0% used [0x00000000ea200000,0x00000000ea200000,0x00000000eb080000)
 ParOldGen       total 88064K, used 31497K [0x00000000a0000000, 0x00000000a5600000, 0x00000000e0000000)
  object space 88064K, 35% used [0x00000000a0000000,0x00000000a1ec2428,0x00000000a5600000)
 Metaspace       used 62737K, capacity 64990K, committed 65280K, reserved 1105920K
  class space    used 8330K, capacity 8898K, committed 8960K, reserved 1048576K
}

Deoptimization events (10 events):
Event: 647.485 Thread 0x000000001b4b1800 Uncommon trap: reason=unstable_if action=reinterpret pc=0x00000000039dbc00 method=sun.nio.ch.IOUtil.writeFromNativeBuffer(Ljava/io/FileDescriptor;Ljava/nio/ByteBuffer;JLsun/nio/ch/NativeDispatcher;)I @ 121
Event: 647.485 Thread 0x000000001b4b1800 Uncommon trap: reason=unstable_if action=reinterpret pc=0x0000000003732094 method=org.gradle.internal.remote.internal.inet.SocketConnection$SocketOutputStream.writeWithNonBlockingRetry()I @ 41
Event: 647.524 Thread 0x000000001b4b1800 Uncommon trap: reason=unstable_if action=reinterpret pc=0x000000000330c834 method=sun.nio.ch.IOUtil.writeFromNativeBuffer(Ljava/io/FileDescriptor;Ljava/nio/ByteBuffer;JLsun/nio/ch/NativeDispatcher;)I @ 121
Event: 649.525 Thread 0x000000001b4b1800 Uncommon trap: reason=predicate action=maybe_recompile pc=0x0000000004978b8c method=java.util.ComparableTimSort.binarySort([Ljava/lang/Object;III)V @ 37
Event: 649.692 Thread 0x000000001b4b1800 Uncommon trap: reason=array_check action=maybe_recompile pc=0x00000000049a8b54 method=java.util.ComparableTimSort.binarySort([Ljava/lang/Object;III)V @ 215
Event: 649.695 Thread 0x000000001b4b1800 Uncommon trap: reason=array_check action=maybe_recompile pc=0x00000000049a8ce0 method=java.util.ComparableTimSort.binarySort([Ljava/lang/Object;III)V @ 183
Event: 649.702 Thread 0x000000001b4b1800 Uncommon trap: reason=array_check action=maybe_recompile pc=0x00000000049a8c18 method=java.util.ComparableTimSort.binarySort([Ljava/lang/Object;III)V @ 193
Event: 649.706 Thread 0x000000001b4b1800 Uncommon trap: reason=array_check action=maybe_recompile pc=0x00000000049a8b54 method=java.util.ComparableTimSort.binarySort([Ljava/lang/Object;III)V @ 215
Event: 660.165 Thread 0x000000001b4b1800 Uncommon trap: reason=class_check action=maybe_recompile pc=0x000000000414f6c0 method=org.gradle.model.internal.type.ModelType.wrap(Ljava/lang/reflect/Type;)Lorg/gradle/model/internal/type/TypeWrapper; @ 51
Event: 660.177 Thread 0x000000001b4b1800 Uncommon trap: reason=class_check action=maybe_recompile pc=0x000000000414f6c0 method=org.gradle.model.internal.type.ModelType.wrap(Ljava/lang/reflect/Type;)Lorg/gradle/model/internal/type/TypeWrapper; @ 51

Classes redefined (0 events):
No events

Internal exceptions (10 events):
Event: 661.124 Thread 0x000000001b4b1800 Exception <a 'sun/nio/fs/WindowsException'> (0x00000000e64fdda0) thrown at [D:\src\AOSP-openjdk-cygwin\jdk8u\hotspot\src\share\vm\prims\jni.cpp, line 709]
Event: 661.125 Thread 0x000000001b4b1800 Exception <a 'sun/nio/fs/WindowsException'> (0x00000000e64fe9d0) thrown at [D:\src\AOSP-openjdk-cygwin\jdk8u\hotspot\src\share\vm\prims\jni.cpp, line 709]
Event: 661.126 Thread 0x000000001b4b1800 Exception <a 'sun/nio/fs/WindowsException'> (0x00000000e6501d50) thrown at [D:\src\AOSP-openjdk-cygwin\jdk8u\hotspot\src\share\vm\prims\jni.cpp, line 709]
Event: 661.126 Thread 0x000000001b4b1800 Exception <a 'sun/nio/fs/WindowsException'> (0x00000000e65028c8) thrown at [D:\src\AOSP-openjdk-cygwin\jdk8u\hotspot\src\share\vm\prims\jni.cpp, line 709]
Event: 661.126 Thread 0x000000001b4b1800 Exception <a 'sun/nio/fs/WindowsException'> (0x00000000e65048c8) thrown at [D:\src\AOSP-openjdk-cygwin\jdk8u\hotspot\src\share\vm\prims\jni.cpp, line 709]
Event: 661.126 Thread 0x000000001b4b1800 Exception <a 'sun/nio/fs/WindowsException'> (0x00000000e6505508) thrown at [D:\src\AOSP-openjdk-cygwin\jdk8u\hotspot\src\share\vm\prims\jni.cpp, line 709]
Event: 661.127 Thread 0x000000001b4b1800 Exception <a 'sun/nio/fs/WindowsException'> (0x00000000e6508380) thrown at [D:\src\AOSP-openjdk-cygwin\jdk8u\hotspot\src\share\vm\prims\jni.cpp, line 709]
Event: 661.127 Thread 0x000000001b4b1800 Exception <a 'sun/nio/fs/WindowsException'> (0x00000000e6508ee8) thrown at [D:\src\AOSP-openjdk-cygwin\jdk8u\hotspot\src\share\vm\prims\jni.cpp, line 709]
Event: 661.127 Thread 0x000000001b4b1800 Exception <a 'sun/nio/fs/WindowsException'> (0x00000000e650aec0) thrown at [D:\src\AOSP-openjdk-cygwin\jdk8u\hotspot\src\share\vm\prims\jni.cpp, line 709]
Event: 661.127 Thread 0x000000001b4b1800 Exception <a 'sun/nio/fs/WindowsException'> (0x00000000e650baf0) thrown at [D:\src\AOSP-openjdk-cygwin\jdk8u\hotspot\src\share\vm\prims\jni.cpp, line 709]

Events (10 events):
Event: 660.777 Thread 0x000000001b4b9000 Thread added: 0x000000001b4b9000
Event: 660.778 Thread 0x000000001b4bb800 Thread added: 0x000000001b4bb800
Event: 660.798 Executing VM operation: RevokeBias
Event: 660.800 Executing VM operation: RevokeBias done
Event: 660.800 Executing VM operation: RevokeBias
Event: 660.800 Executing VM operation: RevokeBias done
Event: 660.801 Executing VM operation: RevokeBias
Event: 660.801 Executing VM operation: RevokeBias done
Event: 660.847 Executing VM operation: RevokeBias
Event: 660.847 Executing VM operation: RevokeBias done


Dynamic libraries:
0x00007ff695240000 - 0x00007ff695271000 	D:\Teste\jre\bin\java.exe
0x00007ffb0c450000 - 0x00007ffb0c62b000 	C:\Windows\SYSTEM32\ntdll.dll
0x00007ffb0acc0000 - 0x00007ffb0ad6e000 	C:\Windows\System32\KERNEL32.DLL
0x00007ffb09240000 - 0x00007ffb09489000 	C:\Windows\System32\KERNELBASE.dll
0x00007ffb0a530000 - 0x00007ffb0a5d1000 	C:\Windows\System32\ADVAPI32.dll
0x00007ffb0a340000 - 0x00007ffb0a3dd000 	C:\Windows\System32\msvcrt.dll
0x00007ffb0a790000 - 0x00007ffb0a7e9000 	C:\Windows\System32\sechost.dll
0x00007ffb0a210000 - 0x00007ffb0a335000 	C:\Windows\System32\RPCRT4.dll
0x00007ffb09fb0000 - 0x00007ffb0a0fa000 	C:\Windows\System32\USER32.dll
0x00007ffb09530000 - 0x00007ffb0954e000 	C:\Windows\System32\win32u.dll
0x00007ffb0ac90000 - 0x00007ffb0acb7000 	C:\Windows\System32\GDI32.dll
0x00007ffb09700000 - 0x00007ffb09888000 	C:\Windows\System32\gdi32full.dll
0x00007ffb09490000 - 0x00007ffb0952a000 	C:\Windows\System32\msvcp_win.dll
0x00007ffb09600000 - 0x00007ffb096f6000 	C:\Windows\System32\ucrtbase.dll
0x00007ffafddf0000 - 0x00007ffafe057000 	C:\Windows\WinSxS\amd64_microsoft.windows.common-controls_6595b64144ccf1df_6.0.15063.0_none_108e4f62dfe5d999\COMCTL32.dll
0x00007ffb09ab0000 - 0x00007ffb09da9000 	C:\Windows\System32\combase.dll
0x00007ffb09940000 - 0x00007ffb099aa000 	C:\Windows\System32\bcryptPrimitives.dll
0x00007ffb0a760000 - 0x00007ffb0a78d000 	C:\Windows\System32\IMM32.DLL
0x0000000053d20000 - 0x0000000053df2000 	D:\Teste\jre\jre\bin\msvcr100.dll
0x0000000052cd0000 - 0x000000005350f000 	D:\Teste\jre\jre\bin\server\jvm.dll
0x00007ffb09aa0000 - 0x00007ffb09aa8000 	C:\Windows\System32\PSAPI.DLL
0x00007ffb02110000 - 0x00007ffb02119000 	C:\Windows\SYSTEM32\WSOCK32.dll
0x00007ffb0aef0000 - 0x00007ffb0af5c000 	C:\Windows\System32\WS2_32.dll
0x00007ffb06d90000 - 0x00007ffb06db3000 	C:\Windows\SYSTEM32\WINMM.dll
0x00007ffaf9530000 - 0x00007ffaf953a000 	C:\Windows\SYSTEM32\VERSION.dll
0x00007ffb06d30000 - 0x00007ffb06d5b000 	C:\Windows\SYSTEM32\winmmbase.dll
0x00007ffb09550000 - 0x00007ffb09599000 	C:\Windows\System32\cfgmgr32.dll
0x00007ffb01c10000 - 0x00007ffb01c1f000 	D:\Teste\jre\jre\bin\verify.dll
0x00007ffb01be0000 - 0x00007ffb01c09000 	D:\Teste\jre\jre\bin\java.dll
0x00007ffb01bc0000 - 0x00007ffb01bd6000 	D:\Teste\jre\jre\bin\zip.dll
0x00007ffb0b010000 - 0x00007ffb0c447000 	C:\Windows\System32\SHELL32.dll
0x00007ffb0af60000 - 0x00007ffb0b00a000 	C:\Windows\System32\shcore.dll
0x00007ffb08b40000 - 0x00007ffb09232000 	C:\Windows\System32\windows.storage.dll
0x00007ffb09db0000 - 0x00007ffb09e01000 	C:\Windows\System32\shlwapi.dll
0x00007ffb08930000 - 0x00007ffb08941000 	C:\Windows\System32\kernel.appcore.dll
0x00007ffb088e0000 - 0x00007ffb0892c000 	C:\Windows\System32\powrprof.dll
0x00007ffb088c0000 - 0x00007ffb088d5000 	C:\Windows\System32\profapi.dll
0x00007ffb01ba0000 - 0x00007ffb01bba000 	D:\Teste\jre\jre\bin\net.dll
0x00007ffb08170000 - 0x00007ffb081cc000 	C:\Windows\system32\mswsock.dll
0x00007ffadcc30000 - 0x00007ffadcc41000 	D:\Teste\jre\jre\bin\nio.dll
0x00007ffb057c0000 - 0x00007ffb057de000 	C:\Users\gabri\.gradle\native\25\windows-amd64\native-platform.dll
0x00007ffafda70000 - 0x00007ffafda7d000 	D:\Teste\jre\jre\bin\management.dll
0x00007ffb08310000 - 0x00007ffb08327000 	C:\Windows\SYSTEM32\CRYPTSP.dll
0x00007ffb07d90000 - 0x00007ffb07dc4000 	C:\Windows\system32\rsaenh.dll
0x00007ffb08790000 - 0x00007ffb087b5000 	C:\Windows\SYSTEM32\bcrypt.dll
0x00007ffb087c0000 - 0x00007ffb087e9000 	C:\Windows\SYSTEM32\USERENV.dll
0x00007ffb08330000 - 0x00007ffb0833b000 	C:\Windows\SYSTEM32\CRYPTBASE.dll
0x00007ffb07f10000 - 0x00007ffb07f47000 	C:\Windows\SYSTEM32\IPHLPAPI.DLL
0x00007ffb09a90000 - 0x00007ffb09a98000 	C:\Windows\System32\NSI.dll
0x00007ffafd5d0000 - 0x00007ffafd5e6000 	C:\Windows\SYSTEM32\dhcpcsvc6.DLL
0x00007ffafe320000 - 0x00007ffafe33a000 	C:\Windows\SYSTEM32\dhcpcsvc.DLL

VM Arguments:
jvm_args: -Xmx1536m -Dfile.encoding=windows-1252 -Duser.country=BR -Duser.language=pt -Duser.variant 
java_command: org.gradle.launcher.daemon.bootstrap.GradleDaemon 4.4
java_class_path (initial): C:\Users\gabri\.gradle\wrapper\dists\gradle-4.4-all\9br9xq1tocpiv8o6njlyu5op1\gradle-4.4\lib\gradle-launcher-4.4.jar
Launcher Type: SUN_STANDARD

Environment Variables:
PATH=C:\Program Files\Microsoft MPI\Bin\;C:\Program Files (x86)\Intel\TXE Components\TCS\;C:\Program Files\Intel\TXE Components\TCS\;C:\Windows\system32;C:\Windows;C:\Windows\System32\Wbem;C:\Windows\System32\WindowsPowerShell\v1.0\;C:\Program Files\Intel\TXE Components\DAL\;C:\Program Files (x86)\Intel\TXE Components\DAL\;C:\Program Files\Intel\TXE Components\IPT\;C:\Program Files (x86)\Intel\TXE Components\IPT\;C:\Program Files\dotnet\;C:\Program Files (x86)\Microsoft SQL Server\140\Tools\Binn\;C:\Program Files\Microsoft SQL Server\Client SDK\ODBC\130\Tools\Binn\;C:\Program Files (x86)\Microsoft SQL Server\140\DTS\Binn\;C:\Program Files (x86)\Microsoft SQL Server\Client SDK\ODBC\130\Tools\Binn\;C:\Program Files (x86)\Microsoft SQL Server\140\Tools\Binn\ManagementStudio\;C:\Program Files (x86)\Microsoft SQL Server\130\Tools\Binn\;C:\Program Files\Microsoft SQL Server\130\Tools\Binn\;C:\Program Files\Microsoft SQL Server\130\DTS\Binn\;C:\Users\gabri\AppData\Local\Microsoft\WindowsApps;
USERNAME=gabri
OS=Windows_NT
PROCESSOR_IDENTIFIER=Intel64 Family 6 Model 76 Stepping 4, GenuineIntel



---------------  S Y S T E M  ---------------

OS: Windows 10.0 , 64 bit Build 15063 (10.0.15063.296)

CPU:total 2 (initial active 2) (2 cores per cpu, 1 threads per core) family 6 model 76 stepping 4, cmov, cx8, fxsr, mmx, sse, sse2, sse3, ssse3, sse4.1, sse4.2, popcnt, aes, clmul, erms, 3dnowpref, tsc, tscinvbit

Memory: 4k page, physical 4043220k(663124k free), swap 4933260k(7356k free)

vm_info: OpenJDK 64-Bit Server VM (25.152-b02) for windows-amd64 JRE (1.8.0_152-release-1024-b02), built by "builder" with MS VC++ 10.0 (VS2010)

time: Wed Sep 19 19:58:12 2018
elapsed time: 661 seconds (0d 0h 11m 1s)

